c:\software projects\copied repos\libgphoto2\msvc\gphoto\x64\debug\gphoto.pdb
c:\software projects\copied repos\libgphoto2\msvc\gphoto\x64\debug\gphoto.idb
c:\software projects\copied repos\libgphoto2\msvc\gphoto\x64\debug\jpeg.obj
c:\software projects\copied repos\libgphoto2\msvc\gphoto\x64\debug\gphoto2-widget.obj
c:\software projects\copied repos\libgphoto2\msvc\gphoto\x64\debug\gphoto2-version.obj
c:\software projects\copied repos\libgphoto2\msvc\gphoto\x64\debug\gphoto2-setting.obj
c:\software projects\copied repos\libgphoto2\msvc\gphoto\x64\debug\gphoto2-result.obj
c:\software projects\copied repos\libgphoto2\msvc\gphoto\x64\debug\gphoto2-list.obj
c:\software projects\copied repos\libgphoto2\msvc\gphoto\x64\debug\gphoto2-library.obj
c:\software projects\copied repos\libgphoto2\msvc\gphoto\x64\debug\gphoto2-filesys.obj
c:\software projects\copied repos\libgphoto2\msvc\gphoto\x64\debug\gphoto2-file.obj
c:\software projects\copied repos\libgphoto2\msvc\gphoto\x64\debug\gphoto2-context.obj
c:\software projects\copied repos\libgphoto2\msvc\gphoto\x64\debug\gphoto2-camera.obj
c:\software projects\copied repos\libgphoto2\msvc\gphoto\x64\debug\gphoto2-abilities-list.obj
c:\software projects\copied repos\libgphoto2\msvc\gphoto\x64\debug\gamma.obj
c:\software projects\copied repos\libgphoto2\msvc\gphoto\x64\debug\exif.obj
c:\software projects\copied repos\libgphoto2\msvc\gphoto\x64\debug\bayer.obj
c:\software projects\copied repos\libgphoto2\msvc\gphoto\x64\debug\ahd_bayer.obj
c:\software projects\copied repos\libgphoto2\msvc\gphoto\x64\debug\gphoto.pch
c:\software projects\copied repos\libgphoto2\msvc\gphoto\x64\debug\pch.obj
c:\software projects\copied repos\libgphoto2\msvc\gphoto\x64\debug\dllmain.obj
c:\software projects\copied repos\libgphoto2\msvc\gphoto\x64\debug\gphoto.lib
c:\software projects\copied repos\libgphoto2\msvc\gphoto\x64\debug\gphotoport.idb
c:\software projects\copied repos\libgphoto2\msvc\gphoto\x64\debug\libtool.idb
c:\software projects\copied repos\libgphoto2\msvc\gphoto\x64\debug\gphotocamlib.pdb
c:\software projects\copied repos\libgphoto2\msvc\gphoto\x64\debug\gphotoport.pdb
c:\software projects\copied repos\libgphoto2\msvc\gphoto\x64\debug\libtool.pdb
c:\software projects\copied repos\libgphoto2\msvc\gphoto\x64\debug\tests.pdb
c:\software projects\copied repos\libgphoto2\msvc\gphoto\x64\debug\gphoto.tlog\cl.command.1.tlog
c:\software projects\copied repos\libgphoto2\msvc\gphoto\x64\debug\gphoto.tlog\cl.read.1.tlog
c:\software projects\copied repos\libgphoto2\msvc\gphoto\x64\debug\gphoto.tlog\cl.write.1.tlog
c:\software projects\copied repos\libgphoto2\msvc\gphoto\x64\debug\gphoto.tlog\lib-link.read.1.tlog
c:\software projects\copied repos\libgphoto2\msvc\gphoto\x64\debug\gphoto.tlog\lib-link.write.1.tlog
c:\software projects\copied repos\libgphoto2\msvc\gphoto\x64\debug\gphoto.tlog\lib.command.1.tlog
