  pch.cpp
  ahd_bayer.c
  bayer.c
  exif.c
  gamma.c
C:\Software Projects\Copied Repos\libgphoto2\libgphoto2\gamma.c(83,18): warning C4244: '=': conversion from 'double' to 'unsigned char', possible loss of data
  gphoto2-abilities-list.c
C:\Software Projects\Copied Repos\libgphoto2\libgphoto2\gphoto2-abilities-list.c(235,42): warning C4244: 'function': conversion from 'int' to 'float', possible loss of data
C:\Software Projects\Copied Repos\libgphoto2\libgphoto2\gphoto2-abilities-list.c(243,31): warning C4047: '=': 'lt_dlhandle' differs in levels of indirection from 'int'
C:\Software Projects\Copied Repos\libgphoto2\libgphoto2\gphoto2-abilities-list.c(308,43): warning C4244: 'function': conversion from 'int' to 'float', possible loss of data
C:\Software Projects\Copied Repos\libgphoto2\libgphoto2\gphoto2-abilities-list.c(350,24): warning C4129: 'S': unrecognized character escape sequence
C:\Software Projects\Copied Repos\libgphoto2\libgphoto2\gphoto2-abilities-list.c(350,24): warning C4129: 'C': unrecognized character escape sequence
C:\Software Projects\Copied Repos\libgphoto2\libgphoto2\gphoto2-abilities-list.c(350,24): warning C4129: 'l': unrecognized character escape sequence
C:\Software Projects\Copied Repos\libgphoto2\libgphoto2\gphoto2-abilities-list.c(350,24): warning C4129: 'm': unrecognized character escape sequence
C:\Software Projects\Copied Repos\libgphoto2\libgphoto2\gphoto2-abilities-list.c(350,24): warning C4129: 'G': unrecognized character escape sequence
C:\Software Projects\Copied Repos\libgphoto2\libgphoto2\gphoto2-abilities-list.c(350,24): warning C4129: 'D': unrecognized character escape sequence
  gphoto2-camera.c
C:\Software Projects\Copied Repos\libgphoto2\libgphoto2\gphoto2-camera.c(785,55): warning C4047: '=': 'lt_dlhandle' differs in levels of indirection from 'int'
C:\Software Projects\Copied Repos\libgphoto2\libgphoto2\gphoto2-camera.c(791,4): warning C4013: 'lt_dlerror' undefined; assuming extern returning int
  gphoto2-context.c
C:\Software Projects\Copied Repos\libgphoto2\libgphoto2\gphoto2-context.c(168,8): warning C4013: 'gpi_vsnprintf' undefined; assuming extern returning int
C:\Software Projects\Copied Repos\libgphoto2\libgphoto2\gphoto2-context.c(168,35): warning C4047: '=': 'char *' differs in levels of indirection from 'int'
C:\Software Projects\Copied Repos\libgphoto2\libgphoto2\gphoto2-context.c(209,35): warning C4047: '=': 'char *' differs in levels of indirection from 'int'
C:\Software Projects\Copied Repos\libgphoto2\libgphoto2\gphoto2-context.c(230,35): warning C4047: '=': 'char *' differs in levels of indirection from 'int'
C:\Software Projects\Copied Repos\libgphoto2\libgphoto2\gphoto2-context.c(263,35): warning C4047: '=': 'char *' differs in levels of indirection from 'int'
C:\Software Projects\Copied Repos\libgphoto2\libgphoto2\gphoto2-context.c(298,35): warning C4047: '=': 'char *' differs in levels of indirection from 'int'
  gphoto2-file.c
C:\Software Projects\Copied Repos\libgphoto2\libgphoto2\gphoto2-file.c(157,3): warning C4013: 'close' undefined; assuming extern returning int
C:\Software Projects\Copied Repos\libgphoto2\libgphoto2\gphoto2-file.c(222,18): warning C4013: 'write' undefined; assuming extern returning int
C:\Software Projects\Copied Repos\libgphoto2\libgphoto2\gphoto2-file.c(231,18): warning C4244: '+=': conversion from 'ssize_t' to 'unsigned long', possible loss of data
C:\Software Projects\Copied Repos\libgphoto2\libgphoto2\gphoto2-file.c(267,19): warning C4267: '+=': conversion from 'size_t' to 'unsigned long', possible loss of data
C:\Software Projects\Copied Repos\libgphoto2\libgphoto2\gphoto2-file.c(273,18): warning C4013: 'read' undefined; assuming extern returning int
C:\Software Projects\Copied Repos\libgphoto2\libgphoto2\gphoto2-file.c(282,15): warning C4244: '+=': conversion from 'ssize_t' to 'unsigned long', possible loss of data
C:\Software Projects\Copied Repos\libgphoto2\libgphoto2\gphoto2-file.c(331,13): warning C4013: 'lseek' undefined; assuming extern returning int
C:\Software Projects\Copied Repos\libgphoto2\libgphoto2\gphoto2-file.c(335,13): warning C4013: '_chsize_s' undefined; assuming extern returning int
C:\Software Projects\Copied Repos\libgphoto2\libgphoto2\gphoto2-file.c(349,18): warning C4244: '+=': conversion from 'ssize_t' to 'unsigned int', possible loss of data
C:\Software Projects\Copied Repos\libgphoto2\libgphoto2\gphoto2-file.c(448,15): warning C4244: '+=': conversion from 'ssize_t' to 'off_t', possible loss of data
C:\Software Projects\Copied Repos\libgphoto2\libgphoto2\gphoto2-file.c(462,21): warning C4244: '=': conversion from 'uint64_t' to 'unsigned long', possible loss of data
C:\Software Projects\Copied Repos\libgphoto2\libgphoto2\gphoto2-file.c(633,15): warning C4267: '=': conversion from 'size_t' to 'long', possible loss of data
C:\Software Projects\Copied Repos\libgphoto2\libgphoto2\gphoto2-file.c(645,15): warning C4013: 'dup' undefined; assuming extern returning int
C:\Software Projects\Copied Repos\libgphoto2\libgphoto2\gphoto2-file.c(790,15): warning C4244: '+=': conversion from 'ssize_t' to 'off_t', possible loss of data
C:\Software Projects\Copied Repos\libgphoto2\libgphoto2\gphoto2-file.c(861,18): warning C4244: '+=': conversion from 'uint64_t' to 'unsigned long', possible loss of data
C:\Software Projects\Copied Repos\libgphoto2\libgphoto2\gphoto2-file.c(943,10): warning C4267: '=': conversion from 'size_t' to 'int', possible loss of data
  gphoto2-filesys.c
  gphoto2-library.c
C:\Software Projects\Copied Repos\libgphoto2\libgphoto2\gphoto2-library.c(85,1): warning C4029: declared formal parameter list different from definition
  gphoto2-list.c
  gphoto2-result.c
  gphoto2-setting.c
C:\Software Projects\Copied Repos\libgphoto2\libgphoto2\gphoto2-setting.c(179,48): warning C4133: 'function': incompatible types - from 'char [1024]' to 'LPWSTR'
C:\Software Projects\Copied Repos\libgphoto2\libgphoto2\gphoto2-setting.c(189,48): warning C4133: 'function': incompatible types - from 'char [1024]' to 'LPWSTR'
C:\Software Projects\Copied Repos\libgphoto2\libgphoto2\gphoto2-setting.c(236,48): warning C4133: 'function': incompatible types - from 'char [1024]' to 'LPWSTR'
  gphoto2-version.c
  gphoto2-widget.c
  jpeg.c
  Generating Code...
  dllmain.cpp
  GPhoto.vcxproj -> C:\Software Projects\Copied Repos\libgphoto2\msvc\GPhoto\x64\Debug\GPhoto.lib
