  pch.cpp
  chdk.c
C:\Software Projects\Copied Repos\libgphoto2\camlibs\ptp2\ptp-pack.c(95,54): warning C4013: 'be64toh' undefined; assuming extern returning int
C:\Software Projects\Copied Repos\libgphoto2\camlibs\ptp2\ptp-pack.c(191,18): warning C4244: '=': conversion from 'uint16_t' to 'char', possible loss of data
C:\Software Projects\Copied Repos\libgphoto2\camlibs\ptp2\ptp-pack.c(282,17): warning C4267: '=': conversion from 'size_t' to 'uint32_t', possible loss of data
C:\Software Projects\Copied Repos\libgphoto2\camlibs\ptp2\ptp-pack.c(664,2): warning C4244: 'function': conversion from 'uint64_t' to 'uint32_t', possible loss of data
C:\Software Projects\Copied Repos\libgphoto2\camlibs\ptp2\ptp-pack.c(3008,21): warning C4244: '=': conversion from 'uint16_t' to 'uint8_t', possible loss of data
C:\Software Projects\Copied Repos\libgphoto2\camlibs\ptp2\ptp-pack.c(3044,16): warning C4267: '=': conversion from 'size_t' to 'int', possible loss of data
C:\Software Projects\Copied Repos\libgphoto2\camlibs\ptp2\chdk.c(155,4): warning C4013: 'usleep' undefined; assuming extern returning int
C:\Software Projects\Copied Repos\libgphoto2\camlibs\ptp2\chdk.c(617,6): warning C4244: '=': conversion from 'double' to 'float', possible loss of data
C:\Software Projects\Copied Repos\libgphoto2\camlibs\ptp2\chdk.c(640,27): warning C4244: '=': conversion from 'double' to 'int', possible loss of data
C:\Software Projects\Copied Repos\libgphoto2\camlibs\ptp2\chdk.c(752,9): warning C4305: 'function': truncation from 'double' to 'float'
C:\Software Projects\Copied Repos\libgphoto2\camlibs\ptp2\chdk.c(753,14): warning C4244: '=': conversion from 'double' to 'float', possible loss of data
C:\Software Projects\Copied Repos\libgphoto2\camlibs\ptp2\chdk.c(1273,22): warning C4244: '=': conversion from 'double' to 'unsigned int', possible loss of data
C:\Software Projects\Copied Repos\libgphoto2\camlibs\ptp2\chdk.c(1291,36): warning C4267: 'function': conversion from 'size_t' to 'unsigned long', possible loss of data
C:\Software Projects\Copied Repos\libgphoto2\camlibs\ptp2\chdk.c(1293,17): warning C4018: '<': signed/unsigned mismatch
C:\Software Projects\Copied Repos\libgphoto2\camlibs\ptp2\chdk.c(1294,23): warning C4018: '<': signed/unsigned mismatch
  config.c
C:\Software Projects\Copied Repos\libgphoto2\camlibs\ptp2\ptp-pack.c(95,54): warning C4013: 'be64toh' undefined; assuming extern returning int
C:\Software Projects\Copied Repos\libgphoto2\camlibs\ptp2\ptp-pack.c(191,18): warning C4244: '=': conversion from 'uint16_t' to 'char', possible loss of data
C:\Software Projects\Copied Repos\libgphoto2\camlibs\ptp2\ptp-pack.c(282,17): warning C4267: '=': conversion from 'size_t' to 'uint32_t', possible loss of data
C:\Software Projects\Copied Repos\libgphoto2\camlibs\ptp2\ptp-pack.c(664,2): warning C4244: 'function': conversion from 'uint64_t' to 'uint32_t', possible loss of data
C:\Software Projects\Copied Repos\libgphoto2\camlibs\ptp2\ptp-pack.c(3008,21): warning C4244: '=': conversion from 'uint16_t' to 'uint8_t', possible loss of data
C:\Software Projects\Copied Repos\libgphoto2\camlibs\ptp2\ptp-pack.c(3044,16): warning C4267: '=': conversion from 'size_t' to 'int', possible loss of data
C:\Software Projects\Copied Repos\libgphoto2\camlibs\ptp2\config.c(136,3): warning C4013: 'usleep' undefined; assuming extern returning int
C:\Software Projects\Copied Repos\libgphoto2\camlibs\ptp2\config.c(1021,34): warning C4267: '=': conversion from 'size_t' to 'uint32_t', possible loss of data
C:\Software Projects\Copied Repos\libgphoto2\camlibs\ptp2\config.c(1098,76): warning C4244: '=': conversion from 'uint32_t' to 'float', possible loss of data
C:\Software Projects\Copied Repos\libgphoto2\camlibs\ptp2\config.c(1101,76): warning C4244: '=': conversion from 'int32_t' to 'float', possible loss of data
C:\Software Projects\Copied Repos\libgphoto2\camlibs\ptp2\config.c(1176,39): warning C4244: '=': conversion from 'float' to 'uint32_t', possible loss of data
C:\Software Projects\Copied Repos\libgphoto2\camlibs\ptp2\config.c(1177,38): warning C4244: '=': conversion from 'float' to 'int32_t', possible loss of data
C:\Software Projects\Copied Repos\libgphoto2\camlibs\ptp2\config.c(1178,39): warning C4244: '=': conversion from 'float' to 'uint16_t', possible loss of data
C:\Software Projects\Copied Repos\libgphoto2\camlibs\ptp2\config.c(1179,38): warning C4244: '=': conversion from 'float' to 'int16_t', possible loss of data
C:\Software Projects\Copied Repos\libgphoto2\camlibs\ptp2\config.c(1180,37): warning C4244: '=': conversion from 'float' to 'uint8_t', possible loss of data
C:\Software Projects\Copied Repos\libgphoto2\camlibs\ptp2\config.c(1181,36): warning C4244: '=': conversion from 'float' to 'int8_t', possible loss of data
C:\Software Projects\Copied Repos\libgphoto2\camlibs\ptp2\config.c(1615,9): warning C4244: '=': conversion from 'double' to 'int16_t', possible loss of data
C:\Software Projects\Copied Repos\libgphoto2\camlibs\ptp2\config.c(1680,9): warning C4244: '=': conversion from 'double' to 'int16_t', possible loss of data
C:\Software Projects\Copied Repos\libgphoto2\camlibs\ptp2\config.c(3090,9): warning C4267: '=': conversion from 'size_t' to 'int', possible loss of data
C:\Software Projects\Copied Repos\libgphoto2\camlibs\ptp2\config.c(3110,8): warning C4267: '=': conversion from 'size_t' to 'int', possible loss of data
C:\Software Projects\Copied Repos\libgphoto2\camlibs\ptp2\config.c(3336,20): warning C4244: '=': conversion from 'float' to 'uint32_t', possible loss of data
C:\Software Projects\Copied Repos\libgphoto2\camlibs\ptp2\config.c(3338,20): warning C4244: '=': conversion from 'float' to 'uint16_t', possible loss of data
C:\Software Projects\Copied Repos\libgphoto2\camlibs\ptp2\config.c(3373,37): warning C4244: 'function': conversion from 'double' to 'float', possible loss of data
C:\Software Projects\Copied Repos\libgphoto2\camlibs\ptp2\config.c(3374,37): warning C4244: 'function': conversion from 'double' to 'float', possible loss of data
C:\Software Projects\Copied Repos\libgphoto2\camlibs\ptp2\config.c(3375,33): warning C4244: 'function': conversion from 'double' to 'float', possible loss of data
C:\Software Projects\Copied Repos\libgphoto2\camlibs\ptp2\config.c(3377,38): warning C4244: '=': conversion from 'double' to 'float', possible loss of data
C:\Software Projects\Copied Repos\libgphoto2\camlibs\ptp2\config.c(3407,20): warning C4244: '=': conversion from 'float' to 'uint16_t', possible loss of data
C:\Software Projects\Copied Repos\libgphoto2\camlibs\ptp2\config.c(3414,24): warning C4244: '=': conversion from 'float' to 'uint16_t', possible loss of data
C:\Software Projects\Copied Repos\libgphoto2\camlibs\ptp2\config.c(3507,24): warning C4244: '=': conversion from 'float' to 'uint16_t', possible loss of data
C:\Software Projects\Copied Repos\libgphoto2\camlibs\ptp2\config.c(3511,61): warning C4244: 'function': conversion from 'float' to 'uint16_t', possible loss of data
C:\Software Projects\Copied Repos\libgphoto2\camlibs\ptp2\config.c(3580,11): warning C4244: '=': conversion from 'double' to 'float', possible loss of data
C:\Software Projects\Copied Repos\libgphoto2\camlibs\ptp2\config.c(3582,9): warning C4244: '=': conversion from 'float' to 'unsigned int', possible loss of data
C:\Software Projects\Copied Repos\libgphoto2\camlibs\ptp2\config.c(3586,61): warning C4018: '<': signed/unsigned mismatch
C:\Software Projects\Copied Repos\libgphoto2\camlibs\ptp2\config.c(3633,46): warning C4244: '=': conversion from 'double' to 'float', possible loss of data
C:\Software Projects\Copied Repos\libgphoto2\camlibs\ptp2\config.c(3634,46): warning C4244: '=': conversion from 'double' to 'float', possible loss of data
C:\Software Projects\Copied Repos\libgphoto2\camlibs\ptp2\config.c(3635,42): warning C4244: '=': conversion from 'double' to 'float', possible loss of data
C:\Software Projects\Copied Repos\libgphoto2\camlibs\ptp2\config.c(3609,38): warning C4244: 'initializing': conversion from 'double' to 'float', possible loss of data
C:\Software Projects\Copied Repos\libgphoto2\camlibs\ptp2\config.c(3657,21): warning C4244: '=': conversion from 'float' to 'uint32_t', possible loss of data
C:\Software Projects\Copied Repos\libgphoto2\camlibs\ptp2\config.c(4453,43): warning C4244: '=': conversion from 'double' to 'float', possible loss of data
C:\Software Projects\Copied Repos\libgphoto2\camlibs\ptp2\config.c(4454,41): warning C4244: '=': conversion from 'double' to 'float', possible loss of data
C:\Software Projects\Copied Repos\libgphoto2\camlibs\ptp2\config.c(4455,38): warning C4244: '=': conversion from 'double' to 'float', possible loss of data
C:\Software Projects\Copied Repos\libgphoto2\camlibs\ptp2\config.c(4458,37): warning C4244: '=': conversion from 'double' to 'float', possible loss of data
C:\Software Projects\Copied Repos\libgphoto2\camlibs\ptp2\config.c(4445,53): warning C4244: 'initializing': conversion from 'double' to 'float', possible loss of data
C:\Software Projects\Copied Repos\libgphoto2\camlibs\ptp2\config.c(4470,20): warning C4244: '=': conversion from 'float' to 'uint32_t', possible loss of data
C:\Software Projects\Copied Repos\libgphoto2\camlibs\ptp2\config.c(4583,43): warning C4244: '=': conversion from 'double' to 'float', possible loss of data
C:\Software Projects\Copied Repos\libgphoto2\camlibs\ptp2\config.c(4584,41): warning C4244: '=': conversion from 'double' to 'float', possible loss of data
C:\Software Projects\Copied Repos\libgphoto2\camlibs\ptp2\config.c(4585,38): warning C4244: '=': conversion from 'double' to 'float', possible loss of data
C:\Software Projects\Copied Repos\libgphoto2\camlibs\ptp2\config.c(4587,38): warning C4244: '=': conversion from 'double' to 'float', possible loss of data
C:\Software Projects\Copied Repos\libgphoto2\camlibs\ptp2\config.c(4602,18): warning C4244: '=': conversion from 'float' to 'uint16_t', possible loss of data
C:\Software Projects\Copied Repos\libgphoto2\camlibs\ptp2\config.c(5444,17): warning C4244: '=': conversion from 'float' to 'uint32_t', possible loss of data
C:\Software Projects\Copied Repos\libgphoto2\camlibs\ptp2\config.c(5501,19): warning C4244: '=': conversion from 'float' to 'uint16_t', possible loss of data
C:\Software Projects\Copied Repos\libgphoto2\camlibs\ptp2\config.c(5530,34): warning C4244: 'function': conversion from 'double' to 'float', possible loss of data
C:\Software Projects\Copied Repos\libgphoto2\camlibs\ptp2\config.c(5531,34): warning C4244: 'function': conversion from 'double' to 'float', possible loss of data
C:\Software Projects\Copied Repos\libgphoto2\camlibs\ptp2\config.c(5532,30): warning C4244: 'function': conversion from 'double' to 'float', possible loss of data
C:\Software Projects\Copied Repos\libgphoto2\camlibs\ptp2\config.c(5534,36): warning C4244: '=': conversion from 'double' to 'float', possible loss of data
C:\Software Projects\Copied Repos\libgphoto2\camlibs\ptp2\config.c(5544,19): warning C4244: '=': conversion from 'double' to 'int8_t', possible loss of data
C:\Software Projects\Copied Repos\libgphoto2\camlibs\ptp2\config.c(7362,17): warning C4244: '=': conversion from 'time_t' to 'uint32_t', possible loss of data
C:\Software Projects\Copied Repos\libgphoto2\camlibs\ptp2\config.c(7411,17): warning C4244: '=': conversion from 'time_t' to 'uint32_t', possible loss of data
C:\Software Projects\Copied Repos\libgphoto2\camlibs\ptp2\config.c(7425,17): warning C4244: '=': conversion from 'time_t' to 'uint32_t', possible loss of data
C:\Software Projects\Copied Repos\libgphoto2\camlibs\ptp2\config.c(7562,10): warning C4244: '=': conversion from 'float' to 'unsigned int', possible loss of data
C:\Software Projects\Copied Repos\libgphoto2\camlibs\ptp2\config.c(7565,10): warning C4244: '=': conversion from 'float' to 'unsigned int', possible loss of data
C:\Software Projects\Copied Repos\libgphoto2\camlibs\ptp2\config.c(8834,8): warning C4244: '=': conversion from 'double' to 'int', possible loss of data
C:\Software Projects\Copied Repos\libgphoto2\camlibs\ptp2\config.c(10489,24): warning C4244: '=': conversion from 'long' to 'uint8_t', possible loss of data
C:\Software Projects\Copied Repos\libgphoto2\camlibs\ptp2\config.c(10426,18): warning C4101: 'inp': unreferenced local variable
C:\Software Projects\Copied Repos\libgphoto2\camlibs\ptp2\config.c(11690,3): warning C4477: 'sprintf' : format string '%ld' requires an argument of type 'long', but variadic argument 1 has type 'int64_t'
C:\Software Projects\Copied Repos\libgphoto2\camlibs\ptp2\config.c(11690,3): message : consider using '%lld' in the format string
C:\Software Projects\Copied Repos\libgphoto2\camlibs\ptp2\config.c(11690,3): message : consider using '%Id' in the format string
C:\Software Projects\Copied Repos\libgphoto2\camlibs\ptp2\config.c(11690,3): message : consider using '%I64d' in the format string
C:\Software Projects\Copied Repos\libgphoto2\camlibs\ptp2\config.c(11691,3): warning C4477: 'sprintf' : format string '%lu' requires an argument of type 'unsigned long', but variadic argument 1 has type 'uint64_t'
C:\Software Projects\Copied Repos\libgphoto2\camlibs\ptp2\config.c(11691,3): message : consider using '%llu' in the format string
C:\Software Projects\Copied Repos\libgphoto2\camlibs\ptp2\config.c(11691,3): message : consider using '%Iu' in the format string
C:\Software Projects\Copied Repos\libgphoto2\camlibs\ptp2\config.c(11691,3): message : consider using '%I64u' in the format string
C:\Software Projects\Copied Repos\libgphoto2\camlibs\ptp2\config.c(11714,3): warning C4477: 'sprintf' : format string '%ld' requires an argument of type 'long', but variadic argument 1 has type 'int64_t'
C:\Software Projects\Copied Repos\libgphoto2\camlibs\ptp2\config.c(11714,3): message : consider using '%lld' in the format string
C:\Software Projects\Copied Repos\libgphoto2\camlibs\ptp2\config.c(11714,3): message : consider using '%Id' in the format string
C:\Software Projects\Copied Repos\libgphoto2\camlibs\ptp2\config.c(11714,3): message : consider using '%I64d' in the format string
C:\Software Projects\Copied Repos\libgphoto2\camlibs\ptp2\config.c(11715,3): warning C4477: 'sprintf' : format string '%ld' requires an argument of type 'long', but variadic argument 1 has type 'uint64_t'
C:\Software Projects\Copied Repos\libgphoto2\camlibs\ptp2\config.c(11715,3): message : consider using '%lld' in the format string
C:\Software Projects\Copied Repos\libgphoto2\camlibs\ptp2\config.c(11715,3): message : consider using '%Id' in the format string
C:\Software Projects\Copied Repos\libgphoto2\camlibs\ptp2\config.c(11715,3): message : consider using '%I64d' in the format string
C:\Software Projects\Copied Repos\libgphoto2\camlibs\ptp2\config.c(11745,3): warning C4477: 'sprintf' : format string '%ld' requires an argument of type 'long', but variadic argument 1 has type 'int64_t'
C:\Software Projects\Copied Repos\libgphoto2\camlibs\ptp2\config.c(11745,3): message : consider using '%lld' in the format string
C:\Software Projects\Copied Repos\libgphoto2\camlibs\ptp2\config.c(11745,3): message : consider using '%Id' in the format string
C:\Software Projects\Copied Repos\libgphoto2\camlibs\ptp2\config.c(11745,3): message : consider using '%I64d' in the format string
C:\Software Projects\Copied Repos\libgphoto2\camlibs\ptp2\config.c(11746,3): warning C4477: 'sprintf' : format string '%ld' requires an argument of type 'long', but variadic argument 1 has type 'uint64_t'
C:\Software Projects\Copied Repos\libgphoto2\camlibs\ptp2\config.c(11746,3): message : consider using '%lld' in the format string
C:\Software Projects\Copied Repos\libgphoto2\camlibs\ptp2\config.c(11746,3): message : consider using '%Id' in the format string
C:\Software Projects\Copied Repos\libgphoto2\camlibs\ptp2\config.c(11746,3): message : consider using '%I64d' in the format string
C:\Software Projects\Copied Repos\libgphoto2\camlibs\ptp2\config.c(11743,3): warning C4244: 'initializing': conversion from 'int32_t' to 'float', possible loss of data
C:\Software Projects\Copied Repos\libgphoto2\camlibs\ptp2\config.c(11744,3): warning C4244: 'initializing': conversion from 'uint32_t' to 'float', possible loss of data
C:\Software Projects\Copied Repos\libgphoto2\camlibs\ptp2\config.c(11745,3): warning C4244: 'initializing': conversion from 'int64_t' to 'float', possible loss of data
C:\Software Projects\Copied Repos\libgphoto2\camlibs\ptp2\config.c(11746,3): warning C4244: 'initializing': conversion from 'uint64_t' to 'float', possible loss of data
C:\Software Projects\Copied Repos\libgphoto2\camlibs\ptp2\config.c(12034,3): warning C4244: '=': conversion from 'float' to 'int8_t', possible loss of data
C:\Software Projects\Copied Repos\libgphoto2\camlibs\ptp2\config.c(12034,3): warning C4244: '=': conversion from 'long' to 'int8_t', possible loss of data
C:\Software Projects\Copied Repos\libgphoto2\camlibs\ptp2\config.c(12035,3): warning C4244: '=': conversion from 'float' to 'uint8_t', possible loss of data
C:\Software Projects\Copied Repos\libgphoto2\camlibs\ptp2\config.c(12035,3): warning C4244: '=': conversion from 'long' to 'uint8_t', possible loss of data
C:\Software Projects\Copied Repos\libgphoto2\camlibs\ptp2\config.c(12036,3): warning C4244: '=': conversion from 'float' to 'int16_t', possible loss of data
C:\Software Projects\Copied Repos\libgphoto2\camlibs\ptp2\config.c(12036,3): warning C4244: '=': conversion from 'long' to 'int16_t', possible loss of data
C:\Software Projects\Copied Repos\libgphoto2\camlibs\ptp2\config.c(12037,3): warning C4244: '=': conversion from 'float' to 'uint16_t', possible loss of data
C:\Software Projects\Copied Repos\libgphoto2\camlibs\ptp2\config.c(12037,3): warning C4244: '=': conversion from 'long' to 'uint16_t', possible loss of data
C:\Software Projects\Copied Repos\libgphoto2\camlibs\ptp2\config.c(12038,3): warning C4244: '=': conversion from 'float' to 'int32_t', possible loss of data
C:\Software Projects\Copied Repos\libgphoto2\camlibs\ptp2\config.c(12039,3): warning C4244: '=': conversion from 'float' to 'uint32_t', possible loss of data
C:\Software Projects\Copied Repos\libgphoto2\camlibs\ptp2\config.c(12040,3): warning C4244: '=': conversion from 'float' to 'int64_t', possible loss of data
C:\Software Projects\Copied Repos\libgphoto2\camlibs\ptp2\config.c(12041,3): warning C4244: '=': conversion from 'float' to 'uint64_t', possible loss of data
C:\Software Projects\Copied Repos\libgphoto2\camlibs\ptp2\config.c(12296,3): warning C4477: 'sprintf' : format string '%ld' requires an argument of type 'long', but variadic argument 1 has type 'int64_t'
C:\Software Projects\Copied Repos\libgphoto2\camlibs\ptp2\config.c(12296,3): message : consider using '%lld' in the format string
C:\Software Projects\Copied Repos\libgphoto2\camlibs\ptp2\config.c(12296,3): message : consider using '%Id' in the format string
C:\Software Projects\Copied Repos\libgphoto2\camlibs\ptp2\config.c(12296,3): message : consider using '%I64d' in the format string
C:\Software Projects\Copied Repos\libgphoto2\camlibs\ptp2\config.c(12297,3): warning C4477: 'sprintf' : format string '%ld' requires an argument of type 'long', but variadic argument 1 has type 'uint64_t'
C:\Software Projects\Copied Repos\libgphoto2\camlibs\ptp2\config.c(12297,3): message : consider using '%lld' in the format string
C:\Software Projects\Copied Repos\libgphoto2\camlibs\ptp2\config.c(12297,3): message : consider using '%Id' in the format string
C:\Software Projects\Copied Repos\libgphoto2\camlibs\ptp2\config.c(12297,3): message : consider using '%I64d' in the format string
  fujiptpip.c
C:\Software Projects\Copied Repos\libgphoto2\libgphoto2_port\gphoto2\gphoto2-port-portability.h(46,24): warning C4142: 'size_t': benign redefinition of type
C:\Software Projects\Copied Repos\libgphoto2\camlibs\ptp2\fujiptpip.c : message : see declaration of 'size_t'
C:\Software Projects\Copied Repos\libgphoto2\camlibs\ptp2\ptp-pack.c(95,54): warning C4013: 'be64toh' undefined; assuming extern returning int
C:\Software Projects\Copied Repos\libgphoto2\camlibs\ptp2\ptp-pack.c(191,18): warning C4244: '=': conversion from 'uint16_t' to 'char', possible loss of data
C:\Software Projects\Copied Repos\libgphoto2\camlibs\ptp2\ptp-pack.c(282,17): warning C4267: '=': conversion from 'size_t' to 'uint32_t', possible loss of data
C:\Software Projects\Copied Repos\libgphoto2\camlibs\ptp2\ptp-pack.c(664,2): warning C4244: 'function': conversion from 'uint64_t' to 'uint32_t', possible loss of data
C:\Software Projects\Copied Repos\libgphoto2\camlibs\ptp2\ptp-pack.c(3008,21): warning C4244: '=': conversion from 'uint16_t' to 'uint8_t', possible loss of data
C:\Software Projects\Copied Repos\libgphoto2\camlibs\ptp2\ptp-pack.c(3044,16): warning C4267: '=': conversion from 'size_t' to 'int', possible loss of data
C:\Software Projects\Copied Repos\libgphoto2\camlibs\ptp2\fujiptpip.c(145,8): warning C4267: '=': conversion from 'size_t' to 'int', possible loss of data
C:\Software Projects\Copied Repos\libgphoto2\camlibs\ptp2\fujiptpip.c(172,9): warning C4267: '=': conversion from 'size_t' to 'int', possible loss of data
C:\Software Projects\Copied Repos\libgphoto2\camlibs\ptp2\fujiptpip.c(198,9): warning C4267: '=': conversion from 'size_t' to 'int', possible loss of data
C:\Software Projects\Copied Repos\libgphoto2\camlibs\ptp2\fujiptpip.c(267,2): warning C4267: 'function': conversion from 'size_t' to 'uint32_t', possible loss of data
C:\Software Projects\Copied Repos\libgphoto2\camlibs\ptp2\fujiptpip.c(272,8): warning C4267: '=': conversion from 'size_t' to 'int', possible loss of data
C:\Software Projects\Copied Repos\libgphoto2\camlibs\ptp2\fujiptpip.c(291,18): warning C4244: '=': conversion from 'uint64_t' to 'unsigned int', possible loss of data
C:\Software Projects\Copied Repos\libgphoto2\camlibs\ptp2\fujiptpip.c(305,10): warning C4013: 'write' undefined; assuming extern returning int
C:\Software Projects\Copied Repos\libgphoto2\camlibs\ptp2\fujiptpip.c(598,13): warning C4267: '=': conversion from 'size_t' to 'unsigned int', possible loss of data
C:\Software Projects\Copied Repos\libgphoto2\camlibs\ptp2\fujiptpip.c(621,8): warning C4267: '=': conversion from 'size_t' to 'int', possible loss of data
C:\Software Projects\Copied Repos\libgphoto2\camlibs\ptp2\fujiptpip.c(666,31): warning C4244: '=': conversion from 'unsigned short' to 'char', possible loss of data
C:\Software Projects\Copied Repos\libgphoto2\camlibs\ptp2\fujiptpip.c(944,43): warning C4244: '=': conversion from 'SOCKET' to 'int', possible loss of data
C:\Software Projects\Copied Repos\libgphoto2\camlibs\ptp2\fujiptpip.c(949,25): warning C4244: 'function': conversion from 'SOCKET' to 'int', possible loss of data
C:\Software Projects\Copied Repos\libgphoto2\camlibs\ptp2\fujiptpip.c(954,43): warning C4244: '=': conversion from 'SOCKET' to 'int', possible loss of data
C:\Software Projects\Copied Repos\libgphoto2\camlibs\ptp2\fujiptpip.c(960,25): warning C4244: 'function': conversion from 'SOCKET' to 'int', possible loss of data
C:\Software Projects\Copied Repos\libgphoto2\camlibs\ptp2\fujiptpip.c(966,43): warning C4244: '=': conversion from 'SOCKET' to 'int', possible loss of data
C:\Software Projects\Copied Repos\libgphoto2\camlibs\ptp2\fujiptpip.c(973,25): warning C4244: 'function': conversion from 'SOCKET' to 'int', possible loss of data
  library.c
C:\Software Projects\Copied Repos\libgphoto2\camlibs\ptp2\ptp-pack.c(95,54): warning C4013: 'be64toh' undefined; assuming extern returning int
C:\Software Projects\Copied Repos\libgphoto2\camlibs\ptp2\ptp-pack.c(191,18): warning C4244: '=': conversion from 'uint16_t' to 'char', possible loss of data
C:\Software Projects\Copied Repos\libgphoto2\camlibs\ptp2\ptp-pack.c(282,17): warning C4267: '=': conversion from 'size_t' to 'uint32_t', possible loss of data
C:\Software Projects\Copied Repos\libgphoto2\camlibs\ptp2\ptp-pack.c(664,2): warning C4244: 'function': conversion from 'uint64_t' to 'uint32_t', possible loss of data
C:\Software Projects\Copied Repos\libgphoto2\camlibs\ptp2\ptp-pack.c(3008,21): warning C4244: '=': conversion from 'uint16_t' to 'uint8_t', possible loss of data
C:\Software Projects\Copied Repos\libgphoto2\camlibs\ptp2\ptp-pack.c(3044,16): warning C4267: '=': conversion from 'size_t' to 'int', possible loss of data
C:\Software Projects\Copied Repos\libgphoto2\camlibs\ptp2\library.c(189,2): warning C4013: 'gettimeofday' undefined; assuming extern returning int
C:\Software Projects\Copied Repos\libgphoto2\camlibs\ptp2\library.c(212,17): warning C4013: 'usleep' undefined; assuming extern returning int
C:\Software Projects\Copied Repos\libgphoto2\camlibs\ptp2\library.c(3401,48): warning C4244: 'function': conversion from '__int64' to 'unsigned long', possible loss of data
C:\Software Projects\Copied Repos\libgphoto2\camlibs\ptp2\library.c(3807,56): warning C4244: 'function': conversion from '__int64' to 'unsigned long', possible loss of data
C:\Software Projects\Copied Repos\libgphoto2\camlibs\ptp2\library.c(4035,57): warning C4244: 'function': conversion from 'uint64_t' to 'unsigned long', possible loss of data
C:\Software Projects\Copied Repos\libgphoto2\camlibs\ptp2\library.c(4511,45): warning C4244: 'initializing': conversion from 'uint64_t' to 'uint32_t', possible loss of data
C:\Software Projects\Copied Repos\libgphoto2\camlibs\ptp2\library.c(6924,61): warning C4244: 'function': conversion from 'uint64_t' to 'unsigned long', possible loss of data
C:\Software Projects\Copied Repos\libgphoto2\camlibs\ptp2\library.c(7012,60): warning C4244: 'function': conversion from 'uint64_t' to 'unsigned long', possible loss of data
C:\Software Projects\Copied Repos\libgphoto2\camlibs\ptp2\library.c(7171,60): warning C4244: 'function': conversion from 'uint64_t' to 'unsigned long', possible loss of data
C:\Software Projects\Copied Repos\libgphoto2\camlibs\ptp2\library.c(6587,64): warning C4244: 'initializing': conversion from 'uint64_t' to 'uint32_t', possible loss of data
C:\Software Projects\Copied Repos\libgphoto2\camlibs\ptp2\library.c(7467,25): warning C4244: 'function': conversion from '__int64' to 'int', possible loss of data
C:\Software Projects\Copied Repos\libgphoto2\camlibs\ptp2\library.c(7472,39): warning C4244: 'function': conversion from '__int64' to 'int', possible loss of data
C:\Software Projects\Copied Repos\libgphoto2\camlibs\ptp2\library.c(7474,27): warning C4244: 'function': conversion from '__int64' to 'int', possible loss of data
C:\Software Projects\Copied Repos\libgphoto2\camlibs\ptp2\library.c(7477,26): warning C4244: 'function': conversion from '__int64' to 'int', possible loss of data
C:\Software Projects\Copied Repos\libgphoto2\camlibs\ptp2\library.c(7478,14): warning C4244: 'return': conversion from '__int64' to 'int', possible loss of data
C:\Software Projects\Copied Repos\libgphoto2\camlibs\ptp2\library.c(7497,37): warning C4477: '_snprintf' : format string '%lu' requires an argument of type 'unsigned long', but variadic argument 1 has type 'uint64_t'
C:\Software Projects\Copied Repos\libgphoto2\camlibs\ptp2\library.c(7497,37): message : consider using '%llu' in the format string
C:\Software Projects\Copied Repos\libgphoto2\camlibs\ptp2\library.c(7497,37): message : consider using '%Iu' in the format string
C:\Software Projects\Copied Repos\libgphoto2\camlibs\ptp2\library.c(7497,37): message : consider using '%I64u' in the format string
C:\Software Projects\Copied Repos\libgphoto2\camlibs\ptp2\library.c(7499,37): warning C4477: '_snprintf' : format string '%ld' requires an argument of type 'long', but variadic argument 1 has type 'int64_t'
C:\Software Projects\Copied Repos\libgphoto2\camlibs\ptp2\library.c(7499,37): message : consider using '%lld' in the format string
C:\Software Projects\Copied Repos\libgphoto2\camlibs\ptp2\library.c(7499,37): message : consider using '%Id' in the format string
C:\Software Projects\Copied Repos\libgphoto2\camlibs\ptp2\library.c(7499,37): message : consider using '%I64d' in the format string
C:\Software Projects\Copied Repos\libgphoto2\camlibs\ptp2\library.c(7603,2): warning C4311: 'type cast': pointer truncation from 'char *' to 'long'
C:\Software Projects\Copied Repos\libgphoto2\camlibs\ptp2\library.c(7633,2): warning C4244: 'function': conversion from '__int64' to 'int', possible loss of data
C:\Software Projects\Copied Repos\libgphoto2\camlibs\ptp2\library.c(7634,2): warning C4244: 'function': conversion from '__int64' to 'int', possible loss of data
C:\Software Projects\Copied Repos\libgphoto2\camlibs\ptp2\library.c(7635,2): warning C4244: 'function': conversion from '__int64' to 'int', possible loss of data
C:\Software Projects\Copied Repos\libgphoto2\camlibs\ptp2\library.c(7637,3): warning C4244: 'function': conversion from '__int64' to 'int', possible loss of data
C:\Software Projects\Copied Repos\libgphoto2\camlibs\ptp2\library.c(7639,3): warning C4244: 'function': conversion from '__int64' to 'int', possible loss of data
C:\Software Projects\Copied Repos\libgphoto2\camlibs\ptp2\library.c(7645,4): warning C4244: 'function': conversion from '__int64' to 'int', possible loss of data
C:\Software Projects\Copied Repos\libgphoto2\camlibs\ptp2\library.c(7648,3): warning C4244: 'function': conversion from '__int64' to 'int', possible loss of data
C:\Software Projects\Copied Repos\libgphoto2\camlibs\ptp2\library.c(7653,3): warning C4244: 'function': conversion from '__int64' to 'int', possible loss of data
C:\Software Projects\Copied Repos\libgphoto2\camlibs\ptp2\library.c(7656,2): warning C4244: 'function': conversion from '__int64' to 'int', possible loss of data
C:\Software Projects\Copied Repos\libgphoto2\camlibs\ptp2\library.c(7659,72): warning C4244: 'function': conversion from '__int64' to 'int', possible loss of data
C:\Software Projects\Copied Repos\libgphoto2\camlibs\ptp2\library.c(7661,4): warning C4244: 'function': conversion from '__int64' to 'int', possible loss of data
C:\Software Projects\Copied Repos\libgphoto2\camlibs\ptp2\library.c(7663,2): warning C4244: 'function': conversion from '__int64' to 'int', possible loss of data
C:\Software Projects\Copied Repos\libgphoto2\camlibs\ptp2\library.c(7665,2): warning C4244: 'function': conversion from '__int64' to 'int', possible loss of data
C:\Software Projects\Copied Repos\libgphoto2\camlibs\ptp2\library.c(7667,70): warning C4244: 'function': conversion from '__int64' to 'int', possible loss of data
C:\Software Projects\Copied Repos\libgphoto2\camlibs\ptp2\library.c(7669,4): warning C4244: 'function': conversion from '__int64' to 'int', possible loss of data
C:\Software Projects\Copied Repos\libgphoto2\camlibs\ptp2\library.c(7671,2): warning C4244: 'function': conversion from '__int64' to 'int', possible loss of data
C:\Software Projects\Copied Repos\libgphoto2\camlibs\ptp2\library.c(7681,4): warning C4244: 'function': conversion from '__int64' to 'int', possible loss of data
C:\Software Projects\Copied Repos\libgphoto2\camlibs\ptp2\library.c(7682,4): warning C4244: 'function': conversion from '__int64' to 'int', possible loss of data
C:\Software Projects\Copied Repos\libgphoto2\camlibs\ptp2\library.c(7683,4): warning C4244: 'function': conversion from '__int64' to 'int', possible loss of data
C:\Software Projects\Copied Repos\libgphoto2\camlibs\ptp2\library.c(7688,6): warning C4244: 'function': conversion from '__int64' to 'int', possible loss of data
C:\Software Projects\Copied Repos\libgphoto2\camlibs\ptp2\library.c(7690,14): warning C4244: 'function': conversion from '__int64' to 'int', possible loss of data
C:\Software Projects\Copied Repos\libgphoto2\camlibs\ptp2\library.c(7692,14): warning C4244: 'function': conversion from '__int64' to 'int', possible loss of data
C:\Software Projects\Copied Repos\libgphoto2\camlibs\ptp2\library.c(7694,15): warning C4244: 'function': conversion from '__int64' to 'int', possible loss of data
C:\Software Projects\Copied Repos\libgphoto2\camlibs\ptp2\library.c(7699,7): warning C4244: 'function': conversion from '__int64' to 'int', possible loss of data
C:\Software Projects\Copied Repos\libgphoto2\camlibs\ptp2\library.c(7699,7): warning C4477: '_snprintf' : format string '%lu' requires an argument of type 'unsigned long', but variadic argument 1 has type 'uint64_t'
C:\Software Projects\Copied Repos\libgphoto2\camlibs\ptp2\library.c(7699,7): message : consider using '%llu' in the format string
C:\Software Projects\Copied Repos\libgphoto2\camlibs\ptp2\library.c(7699,7): message : consider using '%Iu' in the format string
C:\Software Projects\Copied Repos\libgphoto2\camlibs\ptp2\library.c(7699,7): message : consider using '%I64u' in the format string
C:\Software Projects\Copied Repos\libgphoto2\camlibs\ptp2\library.c(7699,7): warning C4477: '_snprintf' : format string '%lu' requires an argument of type 'unsigned long', but variadic argument 2 has type 'uint64_t'
C:\Software Projects\Copied Repos\libgphoto2\camlibs\ptp2\library.c(7699,7): message : consider using '%llu' in the format string
C:\Software Projects\Copied Repos\libgphoto2\camlibs\ptp2\library.c(7699,7): message : consider using '%Iu' in the format string
C:\Software Projects\Copied Repos\libgphoto2\camlibs\ptp2\library.c(7699,7): message : consider using '%I64u' in the format string
C:\Software Projects\Copied Repos\libgphoto2\camlibs\ptp2\library.c(7708,13): warning C4244: 'function': conversion from '__int64' to 'int', possible loss of data
C:\Software Projects\Copied Repos\libgphoto2\camlibs\ptp2\library.c(7717,3): warning C4244: 'function': conversion from '__int64' to 'int', possible loss of data
C:\Software Projects\Copied Repos\libgphoto2\camlibs\ptp2\library.c(7722,4): warning C4244: 'function': conversion from '__int64' to 'int', possible loss of data
C:\Software Projects\Copied Repos\libgphoto2\camlibs\ptp2\library.c(7723,71): warning C4244: 'function': conversion from '__int64' to 'int', possible loss of data
C:\Software Projects\Copied Repos\libgphoto2\camlibs\ptp2\library.c(7724,4): warning C4244: 'function': conversion from '__int64' to 'int', possible loss of data
C:\Software Projects\Copied Repos\libgphoto2\camlibs\ptp2\library.c(7728,5): warning C4244: 'function': conversion from '__int64' to 'int', possible loss of data
C:\Software Projects\Copied Repos\libgphoto2\camlibs\ptp2\library.c(7731,6): warning C4244: 'function': conversion from '__int64' to 'int', possible loss of data
C:\Software Projects\Copied Repos\libgphoto2\camlibs\ptp2\library.c(7732,46): warning C4244: 'function': conversion from '__int64' to 'int', possible loss of data
C:\Software Projects\Copied Repos\libgphoto2\camlibs\ptp2\library.c(7736,4): warning C4244: 'function': conversion from '__int64' to 'int', possible loss of data
C:\Software Projects\Copied Repos\libgphoto2\camlibs\ptp2\library.c(7741,2): warning C4244: 'function': conversion from '__int64' to 'int', possible loss of data
C:\Software Projects\Copied Repos\libgphoto2\camlibs\ptp2\library.c(7744,3): warning C4244: 'function': conversion from '__int64' to 'int', possible loss of data
C:\Software Projects\Copied Repos\libgphoto2\camlibs\ptp2\library.c(7746,4): warning C4244: 'function': conversion from '__int64' to 'int', possible loss of data
C:\Software Projects\Copied Repos\libgphoto2\camlibs\ptp2\library.c(7748,4): warning C4244: 'function': conversion from '__int64' to 'int', possible loss of data
C:\Software Projects\Copied Repos\libgphoto2\camlibs\ptp2\library.c(7751,4): warning C4244: 'function': conversion from '__int64' to 'int', possible loss of data
C:\Software Projects\Copied Repos\libgphoto2\camlibs\ptp2\library.c(7753,4): warning C4244: 'function': conversion from '__int64' to 'int', possible loss of data
C:\Software Projects\Copied Repos\libgphoto2\camlibs\ptp2\library.c(7757,4): warning C4244: 'function': conversion from '__int64' to 'int', possible loss of data
C:\Software Projects\Copied Repos\libgphoto2\camlibs\ptp2\library.c(7759,4): warning C4244: 'function': conversion from '__int64' to 'int', possible loss of data
C:\Software Projects\Copied Repos\libgphoto2\camlibs\ptp2\library.c(7761,4): warning C4244: 'function': conversion from '__int64' to 'int', possible loss of data
C:\Software Projects\Copied Repos\libgphoto2\camlibs\ptp2\library.c(7763,4): warning C4244: 'function': conversion from '__int64' to 'int', possible loss of data
C:\Software Projects\Copied Repos\libgphoto2\camlibs\ptp2\library.c(7769,5): warning C4244: 'function': conversion from '__int64' to 'int', possible loss of data
C:\Software Projects\Copied Repos\libgphoto2\camlibs\ptp2\library.c(7771,5): warning C4244: 'function': conversion from '__int64' to 'int', possible loss of data
C:\Software Projects\Copied Repos\libgphoto2\camlibs\ptp2\library.c(7773,5): warning C4244: 'function': conversion from '__int64' to 'int', possible loss of data
C:\Software Projects\Copied Repos\libgphoto2\camlibs\ptp2\library.c(7777,5): warning C4244: 'function': conversion from '__int64' to 'int', possible loss of data
C:\Software Projects\Copied Repos\libgphoto2\camlibs\ptp2\library.c(7779,5): warning C4244: 'function': conversion from '__int64' to 'int', possible loss of data
C:\Software Projects\Copied Repos\libgphoto2\camlibs\ptp2\library.c(7781,5): warning C4244: 'function': conversion from '__int64' to 'int', possible loss of data
C:\Software Projects\Copied Repos\libgphoto2\camlibs\ptp2\library.c(7785,5): warning C4244: 'function': conversion from '__int64' to 'int', possible loss of data
C:\Software Projects\Copied Repos\libgphoto2\camlibs\ptp2\library.c(7790,5): warning C4244: 'function': conversion from '__int64' to 'int', possible loss of data
C:\Software Projects\Copied Repos\libgphoto2\camlibs\ptp2\library.c(7794,4): warning C4244: 'function': conversion from '__int64' to 'int', possible loss of data
C:\Software Projects\Copied Repos\libgphoto2\camlibs\ptp2\library.c(7799,4): warning C4244: 'function': conversion from '__int64' to 'int', possible loss of data
C:\Software Projects\Copied Repos\libgphoto2\camlibs\ptp2\library.c(7805,4): warning C4244: 'function': conversion from '__int64' to 'int', possible loss of data
C:\Software Projects\Copied Repos\libgphoto2\camlibs\ptp2\library.c(7809,4): warning C4244: 'function': conversion from '__int64' to 'int', possible loss of data
C:\Software Projects\Copied Repos\libgphoto2\camlibs\ptp2\library.c(7816,3): warning C4244: 'function': conversion from '__int64' to 'int', possible loss of data
C:\Software Projects\Copied Repos\libgphoto2\camlibs\ptp2\library.c(7826,4): warning C4244: 'function': conversion from '__int64' to 'int', possible loss of data
C:\Software Projects\Copied Repos\libgphoto2\camlibs\ptp2\library.c(7829,4): warning C4244: 'function': conversion from '__int64' to 'int', possible loss of data
C:\Software Projects\Copied Repos\libgphoto2\camlibs\ptp2\library.c(7832,4): warning C4244: 'function': conversion from '__int64' to 'int', possible loss of data
C:\Software Projects\Copied Repos\libgphoto2\camlibs\ptp2\library.c(7847,4): warning C4244: 'function': conversion from '__int64' to 'int', possible loss of data
C:\Software Projects\Copied Repos\libgphoto2\camlibs\ptp2\library.c(7859,4): warning C4244: 'function': conversion from '__int64' to 'int', possible loss of data
C:\Software Projects\Copied Repos\libgphoto2\camlibs\ptp2\library.c(7870,4): warning C4244: 'function': conversion from '__int64' to 'int', possible loss of data
C:\Software Projects\Copied Repos\libgphoto2\camlibs\ptp2\library.c(7871,4): warning C4244: 'function': conversion from '__int64' to 'int', possible loss of data
C:\Software Projects\Copied Repos\libgphoto2\camlibs\ptp2\library.c(7875,4): warning C4244: 'function': conversion from '__int64' to 'int', possible loss of data
C:\Software Projects\Copied Repos\libgphoto2\camlibs\ptp2\library.c(7879,4): warning C4244: 'function': conversion from '__int64' to 'int', possible loss of data
C:\Software Projects\Copied Repos\libgphoto2\camlibs\ptp2\library.c(7885,2): warning C4244: 'function': conversion from '__int64' to 'int', possible loss of data
C:\Software Projects\Copied Repos\libgphoto2\camlibs\ptp2\library.c(7898,4): warning C4244: 'function': conversion from '__int64' to 'int', possible loss of data
C:\Software Projects\Copied Repos\libgphoto2\camlibs\ptp2\library.c(7900,4): warning C4244: 'function': conversion from '__int64' to 'int', possible loss of data
C:\Software Projects\Copied Repos\libgphoto2\camlibs\ptp2\library.c(7909,5): warning C4244: 'function': conversion from '__int64' to 'int', possible loss of data
C:\Software Projects\Copied Repos\libgphoto2\camlibs\ptp2\library.c(7924,26): warning C4244: 'function': conversion from '__int64' to 'int', possible loss of data
C:\Software Projects\Copied Repos\libgphoto2\camlibs\ptp2\library.c(7925,26): warning C4244: 'function': conversion from '__int64' to 'int', possible loss of data
C:\Software Projects\Copied Repos\libgphoto2\camlibs\ptp2\library.c(7926,26): warning C4244: 'function': conversion from '__int64' to 'int', possible loss of data
C:\Software Projects\Copied Repos\libgphoto2\camlibs\ptp2\library.c(7928,4): warning C4244: 'function': conversion from '__int64' to 'int', possible loss of data
C:\Software Projects\Copied Repos\libgphoto2\camlibs\ptp2\library.c(7932,5): warning C4244: 'function': conversion from '__int64' to 'int', possible loss of data
C:\Software Projects\Copied Repos\libgphoto2\camlibs\ptp2\library.c(7933,40): warning C4244: 'function': conversion from '__int64' to 'int', possible loss of data
C:\Software Projects\Copied Repos\libgphoto2\camlibs\ptp2\library.c(7934,5): warning C4244: 'function': conversion from '__int64' to 'int', possible loss of data
C:\Software Projects\Copied Repos\libgphoto2\camlibs\ptp2\library.c(7935,40): warning C4244: 'function': conversion from '__int64' to 'int', possible loss of data
C:\Software Projects\Copied Repos\libgphoto2\camlibs\ptp2\library.c(7936,5): warning C4244: 'function': conversion from '__int64' to 'int', possible loss of data
C:\Software Projects\Copied Repos\libgphoto2\camlibs\ptp2\library.c(7937,40): warning C4244: 'function': conversion from '__int64' to 'int', possible loss of data
C:\Software Projects\Copied Repos\libgphoto2\camlibs\ptp2\library.c(7938,5): warning C4244: 'function': conversion from '__int64' to 'int', possible loss of data
C:\Software Projects\Copied Repos\libgphoto2\camlibs\ptp2\library.c(7942,5): warning C4244: 'function': conversion from '__int64' to 'int', possible loss of data
C:\Software Projects\Copied Repos\libgphoto2\camlibs\ptp2\library.c(7944,6): warning C4244: 'function': conversion from '__int64' to 'int', possible loss of data
C:\Software Projects\Copied Repos\libgphoto2\camlibs\ptp2\library.c(7946,41): warning C4244: 'function': conversion from '__int64' to 'int', possible loss of data
C:\Software Projects\Copied Repos\libgphoto2\camlibs\ptp2\library.c(7948,7): warning C4244: 'function': conversion from '__int64' to 'int', possible loss of data
C:\Software Projects\Copied Repos\libgphoto2\camlibs\ptp2\library.c(7950,8): warning C4244: 'function': conversion from '__int64' to 'int', possible loss of data
C:\Software Projects\Copied Repos\libgphoto2\camlibs\ptp2\library.c(7954,6): warning C4244: 'function': conversion from '__int64' to 'int', possible loss of data
C:\Software Projects\Copied Repos\libgphoto2\camlibs\ptp2\library.c(7955,5): warning C4244: 'function': conversion from '__int64' to 'int', possible loss of data
C:\Software Projects\Copied Repos\libgphoto2\camlibs\ptp2\library.c(7959,56): warning C4244: 'function': conversion from '__int64' to 'int', possible loss of data
C:\Software Projects\Copied Repos\libgphoto2\camlibs\ptp2\library.c(7961,5): warning C4244: 'function': conversion from '__int64' to 'int', possible loss of data
C:\Software Projects\Copied Repos\libgphoto2\camlibs\ptp2\library.c(7962,40): warning C4244: 'function': conversion from '__int64' to 'int', possible loss of data
C:\Software Projects\Copied Repos\libgphoto2\camlibs\ptp2\library.c(7963,5): warning C4244: 'function': conversion from '__int64' to 'int', possible loss of data
C:\Software Projects\Copied Repos\libgphoto2\camlibs\ptp2\library.c(7965,40): warning C4244: 'function': conversion from '__int64' to 'int', possible loss of data
C:\Software Projects\Copied Repos\libgphoto2\camlibs\ptp2\library.c(7968,4): warning C4244: 'function': conversion from '__int64' to 'int', possible loss of data
C:\Software Projects\Copied Repos\libgphoto2\camlibs\ptp2\library.c(7970,3): warning C4244: 'function': conversion from '__int64' to 'int', possible loss of data
C:\Software Projects\Copied Repos\libgphoto2\camlibs\ptp2\library.c(8076,5): warning C4267: 'initializing': conversion from 'size_t' to 'int', possible loss of data
C:\Software Projects\Copied Repos\libgphoto2\camlibs\ptp2\library.c(8202,2): warning C4267: 'initializing': conversion from 'size_t' to 'int', possible loss of data
C:\Software Projects\Copied Repos\libgphoto2\camlibs\ptp2\library.c(8325,20): warning C4477: 'sprintf' : format string '%ld' requires an argument of type 'long', but variadic argument 1 has type 'int64_t'
C:\Software Projects\Copied Repos\libgphoto2\camlibs\ptp2\library.c(8325,20): message : consider using '%lld' in the format string
C:\Software Projects\Copied Repos\libgphoto2\camlibs\ptp2\library.c(8325,20): message : consider using '%Id' in the format string
C:\Software Projects\Copied Repos\libgphoto2\camlibs\ptp2\library.c(8325,20): message : consider using '%I64d' in the format string
C:\Software Projects\Copied Repos\libgphoto2\camlibs\ptp2\library.c(8337,20): warning C4477: 'sprintf' : format string '%lu' requires an argument of type 'unsigned long', but variadic argument 1 has type 'uint64_t'
C:\Software Projects\Copied Repos\libgphoto2\camlibs\ptp2\library.c(8337,20): message : consider using '%llu' in the format string
C:\Software Projects\Copied Repos\libgphoto2\camlibs\ptp2\library.c(8337,20): message : consider using '%Iu' in the format string
C:\Software Projects\Copied Repos\libgphoto2\camlibs\ptp2\library.c(8337,20): message : consider using '%I64u' in the format string
C:\Software Projects\Copied Repos\libgphoto2\camlibs\ptp2\library.c(8349,32): warning C4267: 'function': conversion from 'size_t' to 'unsigned long', possible loss of data
C:\Software Projects\Copied Repos\libgphoto2\camlibs\ptp2\library.c(8390,21): warning C4477: 'sprintf' : format string '%ld' requires an argument of type 'long', but variadic argument 1 has type 'int64_t'
C:\Software Projects\Copied Repos\libgphoto2\camlibs\ptp2\library.c(8390,21): message : consider using '%lld' in the format string
C:\Software Projects\Copied Repos\libgphoto2\camlibs\ptp2\library.c(8390,21): message : consider using '%Id' in the format string
C:\Software Projects\Copied Repos\libgphoto2\camlibs\ptp2\library.c(8390,21): message : consider using '%I64d' in the format string
C:\Software Projects\Copied Repos\libgphoto2\camlibs\ptp2\library.c(8402,21): warning C4477: 'sprintf' : format string '%lu' requires an argument of type 'unsigned long', but variadic argument 1 has type 'uint64_t'
C:\Software Projects\Copied Repos\libgphoto2\camlibs\ptp2\library.c(8402,21): message : consider using '%llu' in the format string
C:\Software Projects\Copied Repos\libgphoto2\camlibs\ptp2\library.c(8402,21): message : consider using '%Iu' in the format string
C:\Software Projects\Copied Repos\libgphoto2\camlibs\ptp2\library.c(8402,21): message : consider using '%I64u' in the format string
C:\Software Projects\Copied Repos\libgphoto2\camlibs\ptp2\library.c(8415,32): warning C4267: 'function': conversion from 'size_t' to 'unsigned long', possible loss of data
C:\Software Projects\Copied Repos\libgphoto2\camlibs\ptp2\library.c(8560,10): warning C4267: '=': conversion from 'size_t' to 'int', possible loss of data
C:\Software Projects\Copied Repos\libgphoto2\camlibs\ptp2\library.c(8565,9): warning C4267: '=': conversion from 'size_t' to 'int', possible loss of data
C:\Software Projects\Copied Repos\libgphoto2\camlibs\ptp2\library.c(8616,3): warning C4267: 'initializing': conversion from 'size_t' to 'int', possible loss of data
C:\Software Projects\Copied Repos\libgphoto2\camlibs\ptp2\library.c(8668,12): warning C4267: '=': conversion from 'size_t' to 'unsigned long', possible loss of data
C:\Software Projects\Copied Repos\libgphoto2\camlibs\ptp2\library.c(8790,22): warning C4244: '=': conversion from 'uint64_t' to 'uint32_t', possible loss of data
C:\Software Projects\Copied Repos\libgphoto2\camlibs\ptp2\library.c(8725,22): warning C4244: 'initializing': conversion from 'uint64_t' to 'uint32_t', possible loss of data
C:\Software Projects\Copied Repos\libgphoto2\camlibs\ptp2\library.c(8725,41): warning C4244: 'initializing': conversion from 'uint64_t' to 'uint32_t', possible loss of data
C:\Software Projects\Copied Repos\libgphoto2\camlibs\ptp2\library.c(8749,2): warning C4267: 'initializing': conversion from 'size_t' to 'int', possible loss of data
C:\Software Projects\Copied Repos\libgphoto2\camlibs\ptp2\library.c(9087,4): warning C4244: 'function': conversion from 'uint64_t' to 'unsigned long', possible loss of data
C:\Software Projects\Copied Repos\libgphoto2\camlibs\ptp2\library.c(8875,2): warning C4267: 'initializing': conversion from 'size_t' to 'int', possible loss of data
C:\Software Projects\Copied Repos\libgphoto2\camlibs\ptp2\library.c(9028,28): warning C4244: 'initializing': conversion from 'uint64_t' to 'uint32_t', possible loss of data
C:\Software Projects\Copied Repos\libgphoto2\camlibs\ptp2\library.c(9054,28): warning C4244: 'initializing': conversion from 'uint64_t' to 'uint32_t', possible loss of data
C:\Software Projects\Copied Repos\libgphoto2\camlibs\ptp2\library.c(9158,4): warning C4267: 'initializing': conversion from 'size_t' to 'int', possible loss of data
C:\Software Projects\Copied Repos\libgphoto2\camlibs\ptp2\library.c(9174,2): warning C4267: 'initializing': conversion from 'size_t' to 'int', possible loss of data
C:\Software Projects\Copied Repos\libgphoto2\camlibs\ptp2\library.c(9272,2): warning C4267: 'initializing': conversion from 'size_t' to 'int', possible loss of data
C:\Software Projects\Copied Repos\libgphoto2\camlibs\ptp2\library.c(9319,2): warning C4267: 'initializing': conversion from 'size_t' to 'int', possible loss of data
C:\Software Projects\Copied Repos\libgphoto2\camlibs\ptp2\library.c(9345,2): warning C4267: 'initializing': conversion from 'size_t' to 'int', possible loss of data
C:\Software Projects\Copied Repos\libgphoto2\camlibs\ptp2\library.c(9389,2): warning C4267: 'initializing': conversion from 'size_t' to 'int', possible loss of data
C:\Software Projects\Copied Repos\libgphoto2\camlibs\ptp2\library.c(9486,2): warning C4267: 'initializing': conversion from 'size_t' to 'int', possible loss of data
C:\Software Projects\Copied Repos\libgphoto2\camlibs\ptp2\library.c(9679,8): warning C4101: 'curloc': unreferenced local variable
  n-param-test.c
C:\Software Projects\Copied Repos\libgphoto2\camlibs\ptp2\n-param-test.c(90,3): warning C4047: 'function': 'int' differs in levels of indirection from 'void *'
C:\Software Projects\Copied Repos\libgphoto2\camlibs\ptp2\n-param-test.c(90,3): warning C4024: 'foo_func': different types for formal and actual parameter 2
C:\Software Projects\Copied Repos\libgphoto2\camlibs\ptp2\n-param-test.c(91,3): warning C4047: 'function': 'int' differs in levels of indirection from 'void *'
C:\Software Projects\Copied Repos\libgphoto2\camlibs\ptp2\n-param-test.c(91,3): warning C4024: 'foo_func': different types for formal and actual parameter 2
C:\Software Projects\Copied Repos\libgphoto2\camlibs\ptp2\n-param-test.c(92,3): warning C4047: 'function': 'int' differs in levels of indirection from 'void *'
C:\Software Projects\Copied Repos\libgphoto2\camlibs\ptp2\n-param-test.c(92,3): warning C4024: 'foo_func': different types for formal and actual parameter 2
C:\Software Projects\Copied Repos\libgphoto2\camlibs\ptp2\n-param-test.c(93,3): warning C4047: 'function': 'int' differs in levels of indirection from 'void *'
C:\Software Projects\Copied Repos\libgphoto2\camlibs\ptp2\n-param-test.c(93,3): warning C4024: 'foo_func': different types for formal and actual parameter 2
C:\Software Projects\Copied Repos\libgphoto2\camlibs\ptp2\n-param-test.c(94,3): warning C4047: 'function': 'int' differs in levels of indirection from 'void *'
C:\Software Projects\Copied Repos\libgphoto2\camlibs\ptp2\n-param-test.c(94,3): warning C4024: 'foo_func': different types for formal and actual parameter 2
C:\Software Projects\Copied Repos\libgphoto2\camlibs\ptp2\n-param-test.c(95,3): warning C4047: 'function': 'int' differs in levels of indirection from 'void *'
C:\Software Projects\Copied Repos\libgphoto2\camlibs\ptp2\n-param-test.c(95,3): warning C4024: 'foo_func': different types for formal and actual parameter 2
  olympus-wrap.c
  ptp-pack.c
C:\Program Files\Microsoft Visual Studio\2022\Community\VC\Tools\MSVC\14.35.32215\include\limits.h(37,1): warning C4005: 'UINT_MAX': macro redefinition
C:\Software Projects\Copied Repos\libgphoto2\camlibs\ptp2\ptp-pack.c(31,1): message : see previous definition of 'UINT_MAX'
C:\Software Projects\Copied Repos\libgphoto2\camlibs\ptp2\ptp-pack.c(95,54): warning C4013: 'be64toh' undefined; assuming extern returning int
C:\Software Projects\Copied Repos\libgphoto2\camlibs\ptp2\ptp-pack.c(191,18): warning C4244: '=': conversion from 'uint16_t' to 'char', possible loss of data
C:\Software Projects\Copied Repos\libgphoto2\camlibs\ptp2\ptp-pack.c(282,17): warning C4267: '=': conversion from 'size_t' to 'uint32_t', possible loss of data
C:\Software Projects\Copied Repos\libgphoto2\camlibs\ptp2\ptp-pack.c(664,2): warning C4244: 'function': conversion from 'uint64_t' to 'uint32_t', possible loss of data
C:\Software Projects\Copied Repos\libgphoto2\camlibs\ptp2\ptp-pack.c(1864,7): warning C4013: 'sprintf' undefined; assuming extern returning int
C:\Software Projects\Copied Repos\libgphoto2\camlibs\ptp2\ptp-pack.c(3008,21): warning C4244: '=': conversion from 'uint16_t' to 'uint8_t', possible loss of data
C:\Software Projects\Copied Repos\libgphoto2\camlibs\ptp2\ptp-pack.c(3044,16): warning C4267: '=': conversion from 'size_t' to 'int', possible loss of data
  ptp.c
C:\Software Projects\Copied Repos\libgphoto2\camlibs\ptp2\ptp-pack.c(95,54): warning C4013: 'be64toh' undefined; assuming extern returning int
C:\Software Projects\Copied Repos\libgphoto2\camlibs\ptp2\ptp-pack.c(191,18): warning C4244: '=': conversion from 'uint16_t' to 'char', possible loss of data
C:\Software Projects\Copied Repos\libgphoto2\camlibs\ptp2\ptp-pack.c(282,17): warning C4267: '=': conversion from 'size_t' to 'uint32_t', possible loss of data
C:\Software Projects\Copied Repos\libgphoto2\camlibs\ptp2\ptp-pack.c(664,2): warning C4244: 'function': conversion from 'uint64_t' to 'uint32_t', possible loss of data
C:\Software Projects\Copied Repos\libgphoto2\camlibs\ptp2\ptp-pack.c(1864,7): warning C4013: 'sprintf' undefined; assuming extern returning int
C:\Software Projects\Copied Repos\libgphoto2\camlibs\ptp2\ptp-pack.c(3008,21): warning C4244: '=': conversion from 'uint16_t' to 'uint8_t', possible loss of data
C:\Software Projects\Copied Repos\libgphoto2\camlibs\ptp2\ptp-pack.c(3044,16): warning C4267: '=': conversion from 'size_t' to 'int', possible loss of data
C:\Software Projects\Copied Repos\libgphoto2\camlibs\ptp2\ptp.c(401,8): warning C4013: 'read' undefined; assuming extern returning int
C:\Software Projects\Copied Repos\libgphoto2\camlibs\ptp2\ptp.c(416,12): warning C4013: 'write' undefined; assuming extern returning int
C:\Software Projects\Copied Repos\libgphoto2\camlibs\ptp2\ptp.c(465,3): warning C4244: 'function': conversion from 'uint64_t' to 'unsigned long', possible loss of data
C:\Software Projects\Copied Repos\libgphoto2\camlibs\ptp2\ptp.c(524,2): warning C4047: 'initializing': 'const int' differs in levels of indirection from 'void *'
C:\Software Projects\Copied Repos\libgphoto2\camlibs\ptp2\ptp.c(542,2): warning C4047: 'initializing': 'const int' differs in levels of indirection from 'void *'
C:\Software Projects\Copied Repos\libgphoto2\camlibs\ptp2\ptp.c(560,2): warning C4047: 'initializing': 'const int' differs in levels of indirection from 'void *'
C:\Software Projects\Copied Repos\libgphoto2\camlibs\ptp2\ptp.c(575,2): warning C4047: 'initializing': 'const int' differs in levels of indirection from 'void *'
C:\Software Projects\Copied Repos\libgphoto2\camlibs\ptp2\ptp.c(585,2): warning C4047: 'initializing': 'const int' differs in levels of indirection from 'void *'
C:\Software Projects\Copied Repos\libgphoto2\camlibs\ptp2\ptp.c(597,2): warning C4047: 'initializing': 'const int' differs in levels of indirection from 'void *'
C:\Software Projects\Copied Repos\libgphoto2\camlibs\ptp2\ptp.c(967,2): warning C4013: 'usleep' undefined; assuming extern returning int
C:\Software Projects\Copied Repos\libgphoto2\camlibs\ptp2\ptp.c(962,2): warning C4047: 'initializing': 'const int' differs in levels of indirection from 'void *'
C:\Software Projects\Copied Repos\libgphoto2\camlibs\ptp2\ptp.c(964,2): warning C4047: 'initializing': 'const int' differs in levels of indirection from 'void *'
C:\Software Projects\Copied Repos\libgphoto2\camlibs\ptp2\ptp.c(970,2): warning C4047: 'initializing': 'const int' differs in levels of indirection from 'void *'
C:\Software Projects\Copied Repos\libgphoto2\camlibs\ptp2\ptp.c(988,2): warning C4047: 'initializing': 'const int' differs in levels of indirection from 'void *'
C:\Software Projects\Copied Repos\libgphoto2\camlibs\ptp2\ptp.c(1009,2): warning C4047: 'initializing': 'const int' differs in levels of indirection from 'void *'
C:\Software Projects\Copied Repos\libgphoto2\camlibs\ptp2\ptp.c(1021,2): warning C4047: 'initializing': 'const int' differs in levels of indirection from 'void *'
C:\Software Projects\Copied Repos\libgphoto2\camlibs\ptp2\ptp.c(1030,2): warning C4047: 'initializing': 'const int' differs in levels of indirection from 'void *'
C:\Software Projects\Copied Repos\libgphoto2\camlibs\ptp2\ptp.c(1094,2): warning C4047: 'initializing': 'const int' differs in levels of indirection from 'void *'
C:\Software Projects\Copied Repos\libgphoto2\camlibs\ptp2\ptp.c(1107,2): warning C4047: 'initializing': 'const int' differs in levels of indirection from 'void *'
C:\Software Projects\Copied Repos\libgphoto2\camlibs\ptp2\ptp.c(1120,2): warning C4047: 'initializing': 'const int' differs in levels of indirection from 'void *'
C:\Software Projects\Copied Repos\libgphoto2\camlibs\ptp2\ptp.c(1133,2): warning C4047: 'initializing': 'const int' differs in levels of indirection from 'void *'
C:\Software Projects\Copied Repos\libgphoto2\camlibs\ptp2\ptp.c(1145,2): warning C4047: 'initializing': 'const int' differs in levels of indirection from 'void *'
C:\Software Projects\Copied Repos\libgphoto2\camlibs\ptp2\ptp.c(1154,2): warning C4047: 'initializing': 'const int' differs in levels of indirection from 'void *'
C:\Software Projects\Copied Repos\libgphoto2\camlibs\ptp2\ptp.c(1163,2): warning C4047: 'initializing': 'const int' differs in levels of indirection from 'void *'
C:\Software Projects\Copied Repos\libgphoto2\camlibs\ptp2\ptp.c(1172,2): warning C4047: 'initializing': 'const int' differs in levels of indirection from 'void *'
C:\Software Projects\Copied Repos\libgphoto2\camlibs\ptp2\ptp.c(1181,2): warning C4047: 'initializing': 'const int' differs in levels of indirection from 'void *'
C:\Software Projects\Copied Repos\libgphoto2\camlibs\ptp2\ptp.c(1190,2): warning C4047: 'initializing': 'const int' differs in levels of indirection from 'void *'
C:\Software Projects\Copied Repos\libgphoto2\camlibs\ptp2\ptp.c(1199,2): warning C4047: 'initializing': 'const int' differs in levels of indirection from 'void *'
C:\Software Projects\Copied Repos\libgphoto2\camlibs\ptp2\ptp.c(1212,2): warning C4047: 'initializing': 'const int' differs in levels of indirection from 'void *'
C:\Software Projects\Copied Repos\libgphoto2\camlibs\ptp2\ptp.c(1241,2): warning C4047: 'initializing': 'const int' differs in levels of indirection from 'void *'
C:\Software Projects\Copied Repos\libgphoto2\camlibs\ptp2\ptp.c(1254,2): warning C4047: 'initializing': 'const int' differs in levels of indirection from 'void *'
C:\Software Projects\Copied Repos\libgphoto2\camlibs\ptp2\ptp.c(1312,2): warning C4047: 'initializing': 'const int' differs in levels of indirection from 'void *'
C:\Software Projects\Copied Repos\libgphoto2\camlibs\ptp2\ptp.c(1328,2): warning C4047: 'initializing': 'const int' differs in levels of indirection from 'void *'
C:\Software Projects\Copied Repos\libgphoto2\camlibs\ptp2\ptp.c(1341,2): warning C4047: 'initializing': 'const int' differs in levels of indirection from 'void *'
C:\Software Projects\Copied Repos\libgphoto2\camlibs\ptp2\ptp.c(1398,2): warning C4047: 'initializing': 'const int' differs in levels of indirection from 'void *'
C:\Software Projects\Copied Repos\libgphoto2\camlibs\ptp2\ptp.c(1407,2): warning C4047: 'initializing': 'const int' differs in levels of indirection from 'void *'
C:\Software Projects\Copied Repos\libgphoto2\camlibs\ptp2\ptp.c(1419,2): warning C4047: 'initializing': 'const int' differs in levels of indirection from 'void *'
C:\Software Projects\Copied Repos\libgphoto2\camlibs\ptp2\ptp.c(1473,25): warning C4018: '>': signed/unsigned mismatch
C:\Software Projects\Copied Repos\libgphoto2\camlibs\ptp2\ptp.c(1443,2): warning C4047: 'initializing': 'const int' differs in levels of indirection from 'void *'
C:\Software Projects\Copied Repos\libgphoto2\camlibs\ptp2\ptp.c(1498,2): warning C4047: 'initializing': 'const int' differs in levels of indirection from 'void *'
C:\Software Projects\Copied Repos\libgphoto2\camlibs\ptp2\ptp.c(1536,2): warning C4047: 'initializing': 'const int' differs in levels of indirection from 'void *'
C:\Software Projects\Copied Repos\libgphoto2\camlibs\ptp2\ptp.c(1567,2): warning C4047: 'initializing': 'const int' differs in levels of indirection from 'void *'
C:\Software Projects\Copied Repos\libgphoto2\camlibs\ptp2\ptp.c(1580,2): warning C4047: 'initializing': 'const int' differs in levels of indirection from 'void *'
C:\Software Projects\Copied Repos\libgphoto2\camlibs\ptp2\ptp.c(1608,2): warning C4047: 'initializing': 'const int' differs in levels of indirection from 'void *'
C:\Software Projects\Copied Repos\libgphoto2\camlibs\ptp2\ptp.c(1625,5): warning C4047: 'initializing': 'const int' differs in levels of indirection from 'void *'
C:\Software Projects\Copied Repos\libgphoto2\camlibs\ptp2\ptp.c(1635,5): warning C4047: 'initializing': 'const int' differs in levels of indirection from 'void *'
C:\Software Projects\Copied Repos\libgphoto2\camlibs\ptp2\ptp.c(1645,5): warning C4047: 'initializing': 'const int' differs in levels of indirection from 'void *'
C:\Software Projects\Copied Repos\libgphoto2\camlibs\ptp2\ptp.c(1658,2): warning C4047: 'initializing': 'const int' differs in levels of indirection from 'void *'
C:\Software Projects\Copied Repos\libgphoto2\camlibs\ptp2\ptp.c(1680,2): warning C4047: 'initializing': 'const int' differs in levels of indirection from 'void *'
C:\Software Projects\Copied Repos\libgphoto2\camlibs\ptp2\ptp.c(1696,2): warning C4047: 'initializing': 'const int' differs in levels of indirection from 'void *'
C:\Software Projects\Copied Repos\libgphoto2\camlibs\ptp2\ptp.c(1759,5): warning C4047: 'initializing': 'const int' differs in levels of indirection from 'void *'
C:\Software Projects\Copied Repos\libgphoto2\camlibs\ptp2\ptp.c(1788,2): warning C4047: 'initializing': 'const int' differs in levels of indirection from 'void *'
C:\Software Projects\Copied Repos\libgphoto2\camlibs\ptp2\ptp.c(1910,2): warning C4047: 'initializing': 'const int' differs in levels of indirection from 'void *'
C:\Software Projects\Copied Repos\libgphoto2\camlibs\ptp2\ptp.c(1919,2): warning C4047: 'initializing': 'const int' differs in levels of indirection from 'void *'
C:\Software Projects\Copied Repos\libgphoto2\camlibs\ptp2\ptp.c(1984,2): warning C4047: 'initializing': 'const int' differs in levels of indirection from 'void *'
C:\Software Projects\Copied Repos\libgphoto2\camlibs\ptp2\ptp.c(2129,2): warning C4047: 'initializing': 'const int' differs in levels of indirection from 'void *'
C:\Software Projects\Copied Repos\libgphoto2\camlibs\ptp2\ptp.c(2154,2): warning C4047: 'initializing': 'const int' differs in levels of indirection from 'void *'
C:\Software Projects\Copied Repos\libgphoto2\camlibs\ptp2\ptp.c(2194,2): warning C4047: 'initializing': 'const int' differs in levels of indirection from 'void *'
C:\Software Projects\Copied Repos\libgphoto2\camlibs\ptp2\ptp.c(2226,2): warning C4047: 'initializing': 'const int' differs in levels of indirection from 'void *'
C:\Software Projects\Copied Repos\libgphoto2\camlibs\ptp2\ptp.c(2253,2): warning C4047: 'initializing': 'const int' differs in levels of indirection from 'void *'
C:\Software Projects\Copied Repos\libgphoto2\camlibs\ptp2\ptp.c(2275,2): warning C4047: 'initializing': 'const int' differs in levels of indirection from 'void *'
C:\Software Projects\Copied Repos\libgphoto2\camlibs\ptp2\ptp.c(2298,2): warning C4047: 'initializing': 'const int' differs in levels of indirection from 'void *'
C:\Software Projects\Copied Repos\libgphoto2\camlibs\ptp2\ptp.c(2319,2): warning C4047: 'initializing': 'const int' differs in levels of indirection from 'void *'
C:\Software Projects\Copied Repos\libgphoto2\camlibs\ptp2\ptp.c(2344,2): warning C4047: 'initializing': 'const int' differs in levels of indirection from 'void *'
C:\Software Projects\Copied Repos\libgphoto2\camlibs\ptp2\ptp.c(2367,2): warning C4047: 'initializing': 'const int' differs in levels of indirection from 'void *'
C:\Software Projects\Copied Repos\libgphoto2\camlibs\ptp2\ptp.c(2388,2): warning C4047: 'initializing': 'const int' differs in levels of indirection from 'void *'
C:\Software Projects\Copied Repos\libgphoto2\camlibs\ptp2\ptp.c(2408,2): warning C4047: 'initializing': 'const int' differs in levels of indirection from 'void *'
C:\Software Projects\Copied Repos\libgphoto2\camlibs\ptp2\ptp.c(2430,2): warning C4047: 'initializing': 'const int' differs in levels of indirection from 'void *'
C:\Software Projects\Copied Repos\libgphoto2\camlibs\ptp2\ptp.c(2458,2): warning C4047: 'initializing': 'const int' differs in levels of indirection from 'void *'
C:\Software Projects\Copied Repos\libgphoto2\camlibs\ptp2\ptp.c(2481,2): warning C4047: 'initializing': 'const int' differs in levels of indirection from 'void *'
C:\Software Projects\Copied Repos\libgphoto2\camlibs\ptp2\ptp.c(2506,2): warning C4047: 'initializing': 'const int' differs in levels of indirection from 'void *'
C:\Software Projects\Copied Repos\libgphoto2\camlibs\ptp2\ptp.c(2527,2): warning C4047: 'initializing': 'const int' differs in levels of indirection from 'void *'
C:\Software Projects\Copied Repos\libgphoto2\camlibs\ptp2\ptp.c(2547,2): warning C4047: 'initializing': 'const int' differs in levels of indirection from 'void *'
C:\Software Projects\Copied Repos\libgphoto2\camlibs\ptp2\ptp.c(2571,2): warning C4047: 'initializing': 'const int' differs in levels of indirection from 'void *'
C:\Software Projects\Copied Repos\libgphoto2\camlibs\ptp2\ptp.c(2599,2): warning C4047: 'initializing': 'const int' differs in levels of indirection from 'void *'
C:\Software Projects\Copied Repos\libgphoto2\camlibs\ptp2\ptp.c(2624,2): warning C4047: 'initializing': 'const int' differs in levels of indirection from 'void *'
C:\Software Projects\Copied Repos\libgphoto2\camlibs\ptp2\ptp.c(2649,2): warning C4047: 'initializing': 'const int' differs in levels of indirection from 'void *'
C:\Software Projects\Copied Repos\libgphoto2\camlibs\ptp2\ptp.c(2681,2): warning C4047: 'initializing': 'const int' differs in levels of indirection from 'void *'
C:\Software Projects\Copied Repos\libgphoto2\camlibs\ptp2\ptp.c(2707,2): warning C4047: 'initializing': 'const int' differs in levels of indirection from 'void *'
C:\Software Projects\Copied Repos\libgphoto2\camlibs\ptp2\ptp.c(2727,2): warning C4047: 'initializing': 'const int' differs in levels of indirection from 'void *'
C:\Software Projects\Copied Repos\libgphoto2\camlibs\ptp2\ptp.c(2750,2): warning C4047: 'initializing': 'const int' differs in levels of indirection from 'void *'
C:\Software Projects\Copied Repos\libgphoto2\camlibs\ptp2\ptp.c(2768,2): warning C4047: 'initializing': 'const int' differs in levels of indirection from 'void *'
C:\Software Projects\Copied Repos\libgphoto2\camlibs\ptp2\ptp.c(2821,2): warning C4047: 'initializing': 'const int' differs in levels of indirection from 'void *'
C:\Software Projects\Copied Repos\libgphoto2\camlibs\ptp2\ptp.c(2839,2): warning C4047: 'initializing': 'const int' differs in levels of indirection from 'void *'
C:\Software Projects\Copied Repos\libgphoto2\camlibs\ptp2\ptp.c(2874,2): warning C4047: 'initializing': 'const int' differs in levels of indirection from 'void *'
C:\Software Projects\Copied Repos\libgphoto2\camlibs\ptp2\ptp.c(2900,2): warning C4047: 'initializing': 'const int' differs in levels of indirection from 'void *'
C:\Software Projects\Copied Repos\libgphoto2\camlibs\ptp2\ptp.c(2920,2): warning C4047: 'initializing': 'const int' differs in levels of indirection from 'void *'
C:\Software Projects\Copied Repos\libgphoto2\camlibs\ptp2\ptp.c(2930,2): warning C4047: 'initializing': 'const int' differs in levels of indirection from 'void *'
C:\Software Projects\Copied Repos\libgphoto2\camlibs\ptp2\ptp.c(2940,2): warning C4047: 'initializing': 'const int' differs in levels of indirection from 'void *'
C:\Software Projects\Copied Repos\libgphoto2\camlibs\ptp2\ptp.c(2954,2): warning C4047: 'initializing': 'const int' differs in levels of indirection from 'void *'
C:\Software Projects\Copied Repos\libgphoto2\camlibs\ptp2\ptp.c(2977,2): warning C4047: 'initializing': 'const int' differs in levels of indirection from 'void *'
C:\Software Projects\Copied Repos\libgphoto2\camlibs\ptp2\ptp.c(3001,2): warning C4047: 'initializing': 'const int' differs in levels of indirection from 'void *'
C:\Software Projects\Copied Repos\libgphoto2\camlibs\ptp2\ptp.c(3021,2): warning C4047: 'initializing': 'const int' differs in levels of indirection from 'void *'
C:\Software Projects\Copied Repos\libgphoto2\camlibs\ptp2\ptp.c(3057,2): warning C4047: 'initializing': 'const int' differs in levels of indirection from 'void *'
C:\Software Projects\Copied Repos\libgphoto2\camlibs\ptp2\ptp.c(3080,9): warning C4047: 'initializing': 'const int' differs in levels of indirection from 'void *'
C:\Software Projects\Copied Repos\libgphoto2\camlibs\ptp2\ptp.c(3106,2): warning C4047: 'initializing': 'const int' differs in levels of indirection from 'void *'
C:\Software Projects\Copied Repos\libgphoto2\camlibs\ptp2\ptp.c(3130,2): warning C4047: 'initializing': 'const int' differs in levels of indirection from 'void *'
C:\Software Projects\Copied Repos\libgphoto2\camlibs\ptp2\ptp.c(3152,2): warning C4047: 'initializing': 'const int' differs in levels of indirection from 'void *'
C:\Software Projects\Copied Repos\libgphoto2\camlibs\ptp2\ptp.c(3189,46): warning C4244: 'function': conversion from '__int64' to 'uint32_t', possible loss of data
C:\Software Projects\Copied Repos\libgphoto2\camlibs\ptp2\ptp.c(3177,2): warning C4047: 'initializing': 'const int' differs in levels of indirection from 'void *'
C:\Software Projects\Copied Repos\libgphoto2\camlibs\ptp2\ptp.c(3224,2): warning C4047: 'initializing': 'const int' differs in levels of indirection from 'void *'
C:\Software Projects\Copied Repos\libgphoto2\camlibs\ptp2\ptp.c(3864,2): warning C4047: 'initializing': 'const int' differs in levels of indirection from 'void *'
C:\Software Projects\Copied Repos\libgphoto2\camlibs\ptp2\ptp.c(3954,2): warning C4047: 'initializing': 'const int' differs in levels of indirection from 'void *'
C:\Software Projects\Copied Repos\libgphoto2\camlibs\ptp2\ptp.c(3966,2): warning C4047: 'initializing': 'const int' differs in levels of indirection from 'void *'
C:\Software Projects\Copied Repos\libgphoto2\camlibs\ptp2\ptp.c(3981,2): warning C4047: 'initializing': 'const int' differs in levels of indirection from 'void *'
C:\Software Projects\Copied Repos\libgphoto2\camlibs\ptp2\ptp.c(4063,2): warning C4047: 'initializing': 'const int' differs in levels of indirection from 'void *'
C:\Software Projects\Copied Repos\libgphoto2\camlibs\ptp2\ptp.c(4090,2): warning C4047: 'initializing': 'const int' differs in levels of indirection from 'void *'
C:\Software Projects\Copied Repos\libgphoto2\camlibs\ptp2\ptp.c(4099,2): warning C4047: 'initializing': 'const int' differs in levels of indirection from 'void *'
C:\Software Projects\Copied Repos\libgphoto2\camlibs\ptp2\ptp.c(4145,34): warning C4267: '=': conversion from 'size_t' to 'unsigned int', possible loss of data
C:\Software Projects\Copied Repos\libgphoto2\camlibs\ptp2\ptp.c(4112,2): warning C4047: 'initializing': 'const int' differs in levels of indirection from 'void *'
C:\Software Projects\Copied Repos\libgphoto2\camlibs\ptp2\ptp.c(4242,2): warning C4047: 'initializing': 'const int' differs in levels of indirection from 'void *'
C:\Software Projects\Copied Repos\libgphoto2\camlibs\ptp2\ptp.c(4274,2): warning C4047: 'initializing': 'const int' differs in levels of indirection from 'void *'
C:\Software Projects\Copied Repos\libgphoto2\camlibs\ptp2\ptp.c(4305,2): warning C4047: 'initializing': 'const int' differs in levels of indirection from 'void *'
C:\Software Projects\Copied Repos\libgphoto2\camlibs\ptp2\ptp.c(4347,2): warning C4047: 'initializing': 'const int' differs in levels of indirection from 'void *'
C:\Software Projects\Copied Repos\libgphoto2\camlibs\ptp2\ptp.c(4404,2): warning C4047: 'initializing': 'const int' differs in levels of indirection from 'void *'
C:\Software Projects\Copied Repos\libgphoto2\camlibs\ptp2\ptp.c(4434,2): warning C4047: 'initializing': 'const int' differs in levels of indirection from 'void *'
C:\Software Projects\Copied Repos\libgphoto2\camlibs\ptp2\ptp.c(4444,2): warning C4047: 'initializing': 'const int' differs in levels of indirection from 'void *'
C:\Software Projects\Copied Repos\libgphoto2\camlibs\ptp2\ptp.c(4464,2): warning C4047: 'initializing': 'const int' differs in levels of indirection from 'void *'
C:\Software Projects\Copied Repos\libgphoto2\camlibs\ptp2\ptp.c(4486,2): warning C4047: 'initializing': 'const int' differs in levels of indirection from 'void *'
C:\Software Projects\Copied Repos\libgphoto2\camlibs\ptp2\ptp.c(4515,3): warning C4047: 'initializing': 'const int' differs in levels of indirection from 'void *'
C:\Software Projects\Copied Repos\libgphoto2\camlibs\ptp2\ptp.c(4517,3): warning C4047: 'initializing': 'const int' differs in levels of indirection from 'void *'
C:\Software Projects\Copied Repos\libgphoto2\camlibs\ptp2\ptp.c(4557,2): warning C4047: 'initializing': 'const int' differs in levels of indirection from 'void *'
C:\Software Projects\Copied Repos\libgphoto2\camlibs\ptp2\ptp.c(4595,2): warning C4047: 'initializing': 'const int' differs in levels of indirection from 'void *'
C:\Software Projects\Copied Repos\libgphoto2\camlibs\ptp2\ptp.c(4618,2): warning C4047: 'initializing': 'const int' differs in levels of indirection from 'void *'
C:\Software Projects\Copied Repos\libgphoto2\camlibs\ptp2\ptp.c(4732,2): warning C4047: 'initializing': 'const int' differs in levels of indirection from 'void *'
C:\Software Projects\Copied Repos\libgphoto2\camlibs\ptp2\ptp.c(4748,2): warning C4047: 'initializing': 'const int' differs in levels of indirection from 'void *'
C:\Software Projects\Copied Repos\libgphoto2\camlibs\ptp2\ptp.c(4764,2): warning C4047: 'initializing': 'const int' differs in levels of indirection from 'void *'
C:\Software Projects\Copied Repos\libgphoto2\camlibs\ptp2\ptp.c(4780,2): warning C4047: 'initializing': 'const int' differs in levels of indirection from 'void *'
C:\Software Projects\Copied Repos\libgphoto2\camlibs\ptp2\ptp.c(4796,2): warning C4047: 'initializing': 'const int' differs in levels of indirection from 'void *'
C:\Software Projects\Copied Repos\libgphoto2\camlibs\ptp2\ptp.c(4820,2): warning C4047: 'initializing': 'const int' differs in levels of indirection from 'void *'
C:\Software Projects\Copied Repos\libgphoto2\camlibs\ptp2\ptp.c(4986,2): warning C4047: 'initializing': 'const int' differs in levels of indirection from 'void *'
C:\Software Projects\Copied Repos\libgphoto2\camlibs\ptp2\ptp.c(5000,2): warning C4047: 'initializing': 'const int' differs in levels of indirection from 'void *'
C:\Software Projects\Copied Repos\libgphoto2\camlibs\ptp2\ptp.c(5019,9): warning C4047: 'initializing': 'const int' differs in levels of indirection from 'void *'
C:\Software Projects\Copied Repos\libgphoto2\camlibs\ptp2\ptp.c(5039,9): warning C4047: 'initializing': 'const int' differs in levels of indirection from 'void *'
C:\Software Projects\Copied Repos\libgphoto2\camlibs\ptp2\ptp.c(5066,9): warning C4047: 'initializing': 'const int' differs in levels of indirection from 'void *'
C:\Software Projects\Copied Repos\libgphoto2\camlibs\ptp2\ptp.c(5091,9): warning C4047: 'initializing': 'const int' differs in levels of indirection from 'void *'
C:\Software Projects\Copied Repos\libgphoto2\camlibs\ptp2\ptp.c(5101,9): warning C4047: 'initializing': 'const int' differs in levels of indirection from 'void *'
C:\Software Projects\Copied Repos\libgphoto2\camlibs\ptp2\ptp.c(5124,2): warning C4047: 'initializing': 'const int' differs in levels of indirection from 'void *'
C:\Software Projects\Copied Repos\libgphoto2\camlibs\ptp2\ptp.c(5151,2): warning C4047: 'initializing': 'const int' differs in levels of indirection from 'void *'
C:\Software Projects\Copied Repos\libgphoto2\camlibs\ptp2\ptp.c(5176,9): warning C4047: 'initializing': 'const int' differs in levels of indirection from 'void *'
C:\Software Projects\Copied Repos\libgphoto2\camlibs\ptp2\ptp.c(5200,9): warning C4047: 'initializing': 'const int' differs in levels of indirection from 'void *'
C:\Software Projects\Copied Repos\libgphoto2\camlibs\ptp2\ptp.c(5377,2): warning C4047: 'initializing': 'const int' differs in levels of indirection from 'void *'
C:\Software Projects\Copied Repos\libgphoto2\camlibs\ptp2\ptp.c(5402,9): warning C4047: 'initializing': 'const int' differs in levels of indirection from 'void *'
C:\Software Projects\Copied Repos\libgphoto2\camlibs\ptp2\ptp.c(5430,9): warning C4047: 'initializing': 'const int' differs in levels of indirection from 'void *'
C:\Software Projects\Copied Repos\libgphoto2\camlibs\ptp2\ptp.c(5459,9): warning C4047: 'initializing': 'const int' differs in levels of indirection from 'void *'
C:\Software Projects\Copied Repos\libgphoto2\camlibs\ptp2\ptp.c(5491,9): warning C4047: 'initializing': 'const int' differs in levels of indirection from 'void *'
C:\Software Projects\Copied Repos\libgphoto2\camlibs\ptp2\ptp.c(5505,2): warning C4047: 'initializing': 'const int' differs in levels of indirection from 'void *'
C:\Software Projects\Copied Repos\libgphoto2\camlibs\ptp2\ptp.c(5527,2): warning C4047: 'initializing': 'const int' differs in levels of indirection from 'void *'
C:\Software Projects\Copied Repos\libgphoto2\camlibs\ptp2\ptp.c(5541,2): warning C4047: 'initializing': 'const int' differs in levels of indirection from 'void *'
C:\Software Projects\Copied Repos\libgphoto2\camlibs\ptp2\ptp.c(5583,2): warning C4047: 'initializing': 'const int' differs in levels of indirection from 'void *'
C:\Software Projects\Copied Repos\libgphoto2\camlibs\ptp2\ptp.c(5605,2): warning C4047: 'initializing': 'const int' differs in levels of indirection from 'void *'
C:\Software Projects\Copied Repos\libgphoto2\camlibs\ptp2\ptp.c(5617,2): warning C4047: 'initializing': 'const int' differs in levels of indirection from 'void *'
C:\Software Projects\Copied Repos\libgphoto2\camlibs\ptp2\ptp.c(5626,2): warning C4047: 'initializing': 'const int' differs in levels of indirection from 'void *'
C:\Software Projects\Copied Repos\libgphoto2\camlibs\ptp2\ptp.c(5639,2): warning C4047: 'initializing': 'const int' differs in levels of indirection from 'void *'
C:\Software Projects\Copied Repos\libgphoto2\camlibs\ptp2\ptp.c(5649,2): warning C4047: 'initializing': 'const int' differs in levels of indirection from 'void *'
C:\Software Projects\Copied Repos\libgphoto2\camlibs\ptp2\ptp.c(5658,2): warning C4047: 'initializing': 'const int' differs in levels of indirection from 'void *'
C:\Software Projects\Copied Repos\libgphoto2\camlibs\ptp2\ptp.c(5661,2): warning C4047: 'initializing': 'const int' differs in levels of indirection from 'void *'
C:\Software Projects\Copied Repos\libgphoto2\camlibs\ptp2\ptp.c(5722,2): warning C4047: 'initializing': 'const int' differs in levels of indirection from 'void *'
C:\Software Projects\Copied Repos\libgphoto2\camlibs\ptp2\ptp.c(5735,2): warning C4047: 'initializing': 'const int' differs in levels of indirection from 'void *'
C:\Software Projects\Copied Repos\libgphoto2\camlibs\ptp2\ptp.c(5754,2): warning C4047: 'initializing': 'const int' differs in levels of indirection from 'void *'
C:\Software Projects\Copied Repos\libgphoto2\camlibs\ptp2\ptp.c(5768,2): warning C4047: 'initializing': 'const int' differs in levels of indirection from 'void *'
C:\Software Projects\Copied Repos\libgphoto2\camlibs\ptp2\ptp.c(5780,2): warning C4047: 'initializing': 'const int' differs in levels of indirection from 'void *'
C:\Software Projects\Copied Repos\libgphoto2\camlibs\ptp2\ptp.c(5790,2): warning C4047: 'initializing': 'const int' differs in levels of indirection from 'void *'
C:\Software Projects\Copied Repos\libgphoto2\camlibs\ptp2\ptp.c(5807,2): warning C4047: 'initializing': 'const int' differs in levels of indirection from 'void *'
C:\Software Projects\Copied Repos\libgphoto2\camlibs\ptp2\ptp.c(5819,2): warning C4047: 'initializing': 'const int' differs in levels of indirection from 'void *'
C:\Software Projects\Copied Repos\libgphoto2\camlibs\ptp2\ptp.c(5847,2): warning C4047: 'initializing': 'const int' differs in levels of indirection from 'void *'
C:\Software Projects\Copied Repos\libgphoto2\camlibs\ptp2\ptp.c(5859,2): warning C4047: 'initializing': 'const int' differs in levels of indirection from 'void *'
C:\Software Projects\Copied Repos\libgphoto2\camlibs\ptp2\ptp.c(5884,40): warning C4244: '=': conversion from 'double' to 'unsigned int', possible loss of data
C:\Software Projects\Copied Repos\libgphoto2\camlibs\ptp2\ptp.c(5919,2): warning C4047: 'initializing': 'const int' differs in levels of indirection from 'void *'
C:\Software Projects\Copied Repos\libgphoto2\camlibs\ptp2\ptp.c(5930,2): warning C4047: 'initializing': 'const int' differs in levels of indirection from 'void *'
C:\Software Projects\Copied Repos\libgphoto2\camlibs\ptp2\ptp.c(5953,9): warning C4047: 'initializing': 'const int' differs in levels of indirection from 'void *'
C:\Software Projects\Copied Repos\libgphoto2\camlibs\ptp2\ptp.c(5990,2): warning C4047: 'initializing': 'const int' differs in levels of indirection from 'void *'
C:\Software Projects\Copied Repos\libgphoto2\camlibs\ptp2\ptp.c(8440,38): warning C4244: '=': conversion from 'uint16_t' to 'char', possible loss of data
C:\Software Projects\Copied Repos\libgphoto2\camlibs\ptp2\ptp.c(8405,19): warning C4244: 'initializing': conversion from 'int64_t' to 'double', possible loss of data
C:\Software Projects\Copied Repos\libgphoto2\camlibs\ptp2\ptp.c(9502,8): warning C4244: '=': conversion from '__int64' to 'unsigned int', possible loss of data
  ptpip.c
C:\Software Projects\Copied Repos\libgphoto2\libgphoto2_port\gphoto2\gphoto2-port-portability.h(46,24): warning C4142: 'size_t': benign redefinition of type
C:\Software Projects\Copied Repos\libgphoto2\camlibs\ptp2\ptpip.c : message : see declaration of 'size_t'
C:\Software Projects\Copied Repos\libgphoto2\camlibs\ptp2\ptp-pack.c(95,54): warning C4013: 'be64toh' undefined; assuming extern returning int
C:\Software Projects\Copied Repos\libgphoto2\camlibs\ptp2\ptp-pack.c(191,18): warning C4244: '=': conversion from 'uint16_t' to 'char', possible loss of data
C:\Software Projects\Copied Repos\libgphoto2\camlibs\ptp2\ptp-pack.c(282,17): warning C4267: '=': conversion from 'size_t' to 'uint32_t', possible loss of data
C:\Software Projects\Copied Repos\libgphoto2\camlibs\ptp2\ptp-pack.c(664,2): warning C4244: 'function': conversion from 'uint64_t' to 'uint32_t', possible loss of data
C:\Software Projects\Copied Repos\libgphoto2\camlibs\ptp2\ptp-pack.c(3008,21): warning C4244: '=': conversion from 'uint16_t' to 'uint8_t', possible loss of data
C:\Software Projects\Copied Repos\libgphoto2\camlibs\ptp2\ptp-pack.c(3044,16): warning C4267: '=': conversion from 'size_t' to 'int', possible loss of data
C:\Software Projects\Copied Repos\libgphoto2\camlibs\ptp2\ptpip.c(133,8): warning C4267: '=': conversion from 'size_t' to 'int', possible loss of data
C:\Software Projects\Copied Repos\libgphoto2\camlibs\ptp2\ptpip.c(155,9): warning C4267: '=': conversion from 'size_t' to 'int', possible loss of data
C:\Software Projects\Copied Repos\libgphoto2\camlibs\ptp2\ptpip.c(181,9): warning C4267: '=': conversion from 'size_t' to 'int', possible loss of data
C:\Software Projects\Copied Repos\libgphoto2\camlibs\ptp2\ptpip.c(248,2): warning C4244: 'function': conversion from 'uint64_t' to 'uint32_t', possible loss of data
C:\Software Projects\Copied Repos\libgphoto2\camlibs\ptp2\ptpip.c(251,8): warning C4267: '=': conversion from 'size_t' to 'int', possible loss of data
C:\Software Projects\Copied Repos\libgphoto2\camlibs\ptp2\ptpip.c(270,18): warning C4244: '=': conversion from 'uint64_t' to 'unsigned int', possible loss of data
C:\Software Projects\Copied Repos\libgphoto2\camlibs\ptp2\ptpip.c(290,10): warning C4267: '=': conversion from 'size_t' to 'int', possible loss of data
C:\Software Projects\Copied Repos\libgphoto2\camlibs\ptp2\ptpip.c(454,52): warning C4267: '=': conversion from 'size_t' to 'int', possible loss of data
C:\Software Projects\Copied Repos\libgphoto2\camlibs\ptp2\ptpip.c(470,8): warning C4267: '=': conversion from 'size_t' to 'int', possible loss of data
C:\Software Projects\Copied Repos\libgphoto2\camlibs\ptp2\ptpip.c(515,31): warning C4244: '=': conversion from 'unsigned short' to 'char', possible loss of data
C:\Software Projects\Copied Repos\libgphoto2\camlibs\ptp2\ptpip.c(533,8): warning C4267: '=': conversion from 'size_t' to 'int', possible loss of data
C:\Software Projects\Copied Repos\libgphoto2\camlibs\ptp2\ptpip.c(699,8): warning C4244: 'function': conversion from 'time_t' to 'unsigned int', possible loss of data
C:\Software Projects\Copied Repos\libgphoto2\camlibs\ptp2\ptpip.c(766,43): warning C4244: '=': conversion from 'SOCKET' to 'int', possible loss of data
C:\Software Projects\Copied Repos\libgphoto2\camlibs\ptp2\ptpip.c(771,25): warning C4244: 'function': conversion from 'SOCKET' to 'int', possible loss of data
C:\Software Projects\Copied Repos\libgphoto2\camlibs\ptp2\ptpip.c(776,43): warning C4244: '=': conversion from 'SOCKET' to 'int', possible loss of data
C:\Software Projects\Copied Repos\libgphoto2\camlibs\ptp2\ptpip.c(782,25): warning C4244: 'function': conversion from 'SOCKET' to 'int', possible loss of data
C:\Software Projects\Copied Repos\libgphoto2\camlibs\ptp2\ptpip.c(899,8): warning C4267: 'function': conversion from 'size_t' to 'int', possible loss of data
C:\Software Projects\Copied Repos\libgphoto2\camlibs\ptp2\ptpip.c(913,11): warning C4267: 'function': conversion from 'size_t' to 'int', possible loss of data
C:\Software Projects\Copied Repos\libgphoto2\camlibs\ptp2\ptpip.c(926,8): warning C4267: 'function': conversion from 'size_t' to 'int', possible loss of data
C:\Software Projects\Copied Repos\libgphoto2\camlibs\ptp2\ptpip.c(940,11): warning C4267: 'function': conversion from 'size_t' to 'int', possible loss of data
  usb.c
C:\Software Projects\Copied Repos\libgphoto2\camlibs\ptp2\ptp-pack.c(95,54): warning C4013: 'be64toh' undefined; assuming extern returning int
C:\Software Projects\Copied Repos\libgphoto2\camlibs\ptp2\ptp-pack.c(191,18): warning C4244: '=': conversion from 'uint16_t' to 'char', possible loss of data
C:\Software Projects\Copied Repos\libgphoto2\camlibs\ptp2\ptp-pack.c(282,17): warning C4267: '=': conversion from 'size_t' to 'uint32_t', possible loss of data
C:\Software Projects\Copied Repos\libgphoto2\camlibs\ptp2\ptp-pack.c(664,2): warning C4244: 'function': conversion from 'uint64_t' to 'uint32_t', possible loss of data
C:\Software Projects\Copied Repos\libgphoto2\camlibs\ptp2\ptp-pack.c(3008,21): warning C4244: '=': conversion from 'uint16_t' to 'uint8_t', possible loss of data
C:\Software Projects\Copied Repos\libgphoto2\camlibs\ptp2\ptp-pack.c(3044,16): warning C4267: '=': conversion from 'size_t' to 'int', possible loss of data
C:\Software Projects\Copied Repos\libgphoto2\camlibs\ptp2\usb.c(140,19): warning C4244: 'function': conversion from 'unsigned __int64' to 'uint32_t', possible loss of data
C:\Software Projects\Copied Repos\libgphoto2\camlibs\ptp2\usb.c(151,51): warning C4244: '=': conversion from 'uint64_t' to 'unsigned long', possible loss of data
C:\Software Projects\Copied Repos\libgphoto2\camlibs\ptp2\usb.c(172,57): warning C4244: 'function': conversion from 'uint64_t' to 'float', possible loss of data
C:\Software Projects\Copied Repos\libgphoto2\camlibs\ptp2\usb.c(177,31): warning C4244: '=': conversion from 'uint64_t' to 'unsigned long', possible loss of data
C:\Software Projects\Copied Repos\libgphoto2\camlibs\ptp2\usb.c(197,60): warning C4244: 'function': conversion from 'unsigned long' to 'float', possible loss of data
C:\Software Projects\Copied Repos\libgphoto2\camlibs\ptp2\usb.c(429,67): warning C4244: 'function': conversion from 'uint32_t' to 'float', possible loss of data
C:\Software Projects\Copied Repos\libgphoto2\camlibs\ptp2\usb.c(465,64): warning C4244: 'function': conversion from 'uint32_t' to 'float', possible loss of data
C:\Software Projects\Copied Repos\libgphoto2\camlibs\ptp2\usb.c(621,28): warning C4244: '=': conversion from 'unsigned long' to 'uint8_t', possible loss of data
  Generating Code...
  dllmain.cpp
GPhotoPort.lib(gphoto2-port.obj) : warning LNK4099: PDB '' was not found with 'GPhotoPort.lib(gphoto2-port.obj)' or at ''; linking object as if no debug info
GPhotoPort.lib(gphoto2-port-log.obj) : warning LNK4099: PDB '' was not found with 'GPhotoPort.lib(gphoto2-port-log.obj)' or at ''; linking object as if no debug info
GPhotoPort.lib(gphoto2-port-info-list.obj) : warning LNK4099: PDB '' was not found with 'GPhotoPort.lib(gphoto2-port-info-list.obj)' or at ''; linking object as if no debug info
libtool.lib(ltdl.obj) : warning LNK4099: PDB '' was not found with 'libtool.lib(ltdl.obj)' or at ''; linking object as if no debug info
GPhotoPort.lib(gphoto2-port-portability.obj) : warning LNK4099: PDB '' was not found with 'GPhotoPort.lib(gphoto2-port-portability.obj)' or at ''; linking object as if no debug info
GPhotoPort.lib(gphoto2-port-result.obj) : warning LNK4099: PDB '' was not found with 'GPhotoPort.lib(gphoto2-port-result.obj)' or at ''; linking object as if no debug info
chdk.obj : error LNK2019: unresolved external symbol usleep referenced in function chdk_generic_script_run
config.obj : error LNK2001: unresolved external symbol usleep
library.obj : error LNK2001: unresolved external symbol usleep
ptp.obj : error LNK2001: unresolved external symbol usleep
fujiptpip.obj : error LNK2019: unresolved external symbol __imp_closesocket referenced in function ptp_fujiptpip_connect
ptpip.obj : error LNK2001: unresolved external symbol __imp_closesocket
fujiptpip.obj : error LNK2019: unresolved external symbol __imp_htons referenced in function ptp_fujiptpip_connect
ptpip.obj : error LNK2001: unresolved external symbol __imp_htons
fujiptpip.obj : error LNK2019: unresolved external symbol __imp_select referenced in function ptp_fujiptpip_event
ptpip.obj : error LNK2001: unresolved external symbol __imp_select
fujiptpip.obj : error LNK2019: unresolved external symbol __imp_socket referenced in function ptp_fujiptpip_connect
ptpip.obj : error LNK2001: unresolved external symbol __imp_socket
fujiptpip.obj : error LNK2019: unresolved external symbol __imp_inet_pton referenced in function ptp_fujiptpip_connect
ptpip.obj : error LNK2001: unresolved external symbol __imp_inet_pton
library.obj : error LNK2019: unresolved external symbol gettimeofday referenced in function time_now
ptpip.obj : error LNK2019: unresolved external symbol __imp_connect referenced in function ptpip_connect_with_timeout
ptpip.obj : error LNK2019: unresolved external symbol __imp_ioctlsocket referenced in function ptpip_set_nonblock
ptpip.obj : error LNK2019: unresolved external symbol __imp_getsockopt referenced in function ptpip_connect_with_timeout
ptpip.obj : error LNK2019: unresolved external symbol __imp_recv referenced in function ptpip_read_with_timeout
ptpip.obj : error LNK2019: unresolved external symbol __imp_send referenced in function ptpip_write_with_timeout
ptpip.obj : error LNK2019: unresolved external symbol __imp_WSASetLastError referenced in function ptpip_set_socket_error
ptpip.obj : error LNK2019: unresolved external symbol __imp_WSAGetLastError referenced in function ptpip_get_socket_error
C:\Software Projects\Copied Repos\libgphoto2\msvc\GPhoto\x64\Debug\GPhotoCamLib.dll : fatal error LNK1120: 14 unresolved externals
