c:\software projects\copied repos\libgphoto2\msvc\gphotocamlib\x64\debug\vc143.pdb
c:\software projects\copied repos\libgphoto2\msvc\gphotocamlib\x64\debug\vc143.idb
c:\software projects\copied repos\libgphoto2\msvc\gphotocamlib\x64\debug\usb.obj
c:\software projects\copied repos\libgphoto2\msvc\gphotocamlib\x64\debug\ptpip.obj
c:\software projects\copied repos\libgphoto2\msvc\gphotocamlib\x64\debug\ptp.obj
c:\software projects\copied repos\libgphoto2\msvc\gphotocamlib\x64\debug\ptp-pack.obj
c:\software projects\copied repos\libgphoto2\msvc\gphotocamlib\x64\debug\olympus-wrap.obj
c:\software projects\copied repos\libgphoto2\msvc\gphotocamlib\x64\debug\n-param-test.obj
c:\software projects\copied repos\libgphoto2\msvc\gphotocamlib\x64\debug\library.obj
c:\software projects\copied repos\libgphoto2\msvc\gphotocamlib\x64\debug\fujiptpip.obj
c:\software projects\copied repos\libgphoto2\msvc\gphotocamlib\x64\debug\config.obj
c:\software projects\copied repos\libgphoto2\msvc\gphotocamlib\x64\debug\chdk.obj
c:\software projects\copied repos\libgphoto2\msvc\gphotocamlib\x64\debug\gphotocamlib.pch
c:\software projects\copied repos\libgphoto2\msvc\gphotocamlib\x64\debug\pch.obj
c:\software projects\copied repos\libgphoto2\msvc\gphotocamlib\x64\debug\dllmain.obj
c:\software projects\copied repos\libgphoto2\msvc\gphotocamlib\x64\debug\gphotocamlib.ilk
c:\software projects\copied repos\libgphoto2\msvc\gphoto\x64\debug\gphotocamlib.dll
c:\software projects\copied repos\libgphoto2\msvc\gphoto\x64\debug\gphotocamlib.pdb
c:\software projects\copied repos\libgphoto2\msvc\gphotocamlib\x64\debug\gphotocamlib.tlog\cl.command.1.tlog
c:\software projects\copied repos\libgphoto2\msvc\gphotocamlib\x64\debug\gphotocamlib.tlog\cl.read.1.tlog
c:\software projects\copied repos\libgphoto2\msvc\gphotocamlib\x64\debug\gphotocamlib.tlog\cl.write.1.tlog
c:\software projects\copied repos\libgphoto2\msvc\gphotocamlib\x64\debug\gphotocamlib.tlog\link.command.1.tlog
c:\software projects\copied repos\libgphoto2\msvc\gphotocamlib\x64\debug\gphotocamlib.tlog\link.read.1.tlog
c:\software projects\copied repos\libgphoto2\msvc\gphotocamlib\x64\debug\gphotocamlib.tlog\link.write.1.tlog
