  gphoto2-port-info-list.c
  We need regex.h, but it has not been detected.
C:\Software Projects\Copied Repos\libgphoto2\libgphoto2_port\libgphoto2_port\gphoto2-port-info-list.c(148,2): warning C4013: 'C_PARAMS' undefined; assuming extern returning int
C:\Software Projects\Copied Repos\libgphoto2\libgphoto2_port\libgphoto2_port\gphoto2-port-info-list.c(156,2): warning C4013: 'C_MEM' undefined; assuming extern returning int
C:\Software Projects\Copied Repos\libgphoto2\libgphoto2_port\libgphoto2_port\gphoto2-port-info-list.c(241,2): warning C4013: 'GP_LOG_D' undefined; assuming extern returning int
C:\Software Projects\Copied Repos\libgphoto2\libgphoto2_port\libgphoto2_port\gphoto2-port-info-list.c(243,30): warning C4047: '=': 'lt_dlhandle' differs in levels of indirection from 'int'
C:\Software Projects\Copied Repos\libgphoto2\libgphoto2_port\libgphoto2_port\gphoto2-port-info-list.c(245,53): warning C4013: 'lt_dlerror' undefined; assuming extern returning int
C:\Software Projects\Copied Repos\libgphoto2\libgphoto2_port\libgphoto2_port\gphoto2-port-info-list.c(273,3): warning C4013: 'GP_LOG_E' undefined; assuming extern returning int
C:\Software Projects\Copied Repos\libgphoto2\libgphoto2_port\libgphoto2_port\gphoto2-port-info-list.c(311,46): error C2065: 'IOLIBDIR_ENV': undeclared identifier
C:\Software Projects\Copied Repos\libgphoto2\libgphoto2_port\libgphoto2_port\gphoto2-port-info-list.c(311,46): warning C4047: 'function': 'const char *' differs in levels of indirection from 'int'
C:\Software Projects\Copied Repos\libgphoto2\libgphoto2_port\libgphoto2_port\gphoto2-port-info-list.c(311,34): warning C4024: 'getenv': different types for formal and actual parameter 1
C:\Software Projects\Copied Repos\libgphoto2\libgphoto2_port\libgphoto2_port\gphoto2-port-info-list.c(319,2): warning C4013: 'lt_dlinit' undefined; assuming extern returning int
C:\Software Projects\Copied Repos\libgphoto2\libgphoto2_port\libgphoto2_port\gphoto2-port-info-list.c(320,2): warning C4013: 'lt_dladdsearchdir' undefined; assuming extern returning int
C:\Software Projects\Copied Repos\libgphoto2\libgphoto2_port\libgphoto2_port\gphoto2-port-info-list.c(322,2): warning C4013: 'lt_dlexit' undefined; assuming extern returning int
C:\Software Projects\Copied Repos\libgphoto2\libgphoto2_port\libgphoto2_port\gphoto2-port-info-list.c(311,27): error C4996: 'getenv': This function or variable may be unsafe. Consider using _dupenv_s instead. To disable deprecation, use _CRT_SECURE_NO_WARNINGS. See online help for details.
  gphoto2-port-portability.c
C:\Software Projects\Copied Repos\libgphoto2\libgphoto2_port\gphoto2\gphoto2-port-portability.h(101,11): fatal  error C1083: Cannot open include file: 'strings.h': No such file or directory
  gphoto2-port.c
C:\Software Projects\Copied Repos\libgphoto2\libgphoto2_port\libgphoto2_port\gphoto2-port.c(28,10): fatal  error C1083: Cannot open include file: 'config.h': No such file or directory
  Generating Code...
