c:\software projects\copied repos\libgphoto2\msvc\gphotoport\x64\debug\gphotoport.pch
c:\software projects\copied repos\libgphoto2\msvc\gphotoport\x64\debug\vc143.pdb
c:\software projects\copied repos\libgphoto2\msvc\gphotoport\x64\debug\vc143.idb
c:\software projects\copied repos\libgphoto2\msvc\gphotoport\x64\debug\pch.obj
c:\software projects\copied repos\libgphoto2\msvc\gphotoport\x64\debug\gphoto2-port.obj
c:\software projects\copied repos\libgphoto2\msvc\gphotoport\x64\debug\gphoto2-port-version.obj
c:\software projects\copied repos\libgphoto2\msvc\gphotoport\x64\debug\gphoto2-port-result.obj
c:\software projects\copied repos\libgphoto2\msvc\gphotoport\x64\debug\gphoto2-port-portability.obj
c:\software projects\copied repos\libgphoto2\msvc\gphotoport\x64\debug\gphoto2-port-log.obj
c:\software projects\copied repos\libgphoto2\msvc\gphotoport\x64\debug\gphoto2-port-info-list.obj
c:\software projects\copied repos\libgphoto2\msvc\gphotoport\x64\debug\dllmain.obj
c:\software projects\copied repos\libgphoto2\msvc\gphotoport\x64\debug\gphotoport.ilk
c:\software projects\copied repos\libgphoto2\msvc\gphoto\x64\debug\gphotoport.dll
c:\software projects\copied repos\libgphoto2\msvc\gphoto\x64\debug\gphotoport.pdb
c:\software projects\copied repos\libgphoto2\msvc\gphotoport\x64\debug\gphotoport.tlog\cl.command.1.tlog
c:\software projects\copied repos\libgphoto2\msvc\gphotoport\x64\debug\gphotoport.tlog\cl.read.1.tlog
c:\software projects\copied repos\libgphoto2\msvc\gphotoport\x64\debug\gphotoport.tlog\cl.write.1.tlog
c:\software projects\copied repos\libgphoto2\msvc\gphotoport\x64\debug\gphotoport.tlog\link.command.1.tlog
c:\software projects\copied repos\libgphoto2\msvc\gphotoport\x64\debug\gphotoport.tlog\link.read.1.tlog
c:\software projects\copied repos\libgphoto2\msvc\gphotoport\x64\debug\gphotoport.tlog\link.write.1.tlog
